#
# There is insufficient memory for the Java Runtime Environment to continue.
# Native memory allocation (mmap) failed to map 12288 bytes for committing reserved memory.
# Possible reasons:
#   The system is out of physical RAM or swap space
#   In 32 bit mode, the process size limit was hit
# Possible solutions:
#   Reduce memory load on the system
#   Increase physical memory or swap space
#   Check if swap backing store is full
#   Use 64 bit Java on a 64 bit OS
#   Decrease Java heap size (-Xmx/-Xms)
#   Decrease number of Java threads
#   Decrease Java thread stack sizes (-Xss)
#   Set larger code cache with -XX:ReservedCodeCacheSize=
# This output file may be truncated or incomplete.
#
#  Out of Memory Error (os_linux.cpp:2643), pid=18501, tid=0x00007fdb78a72700
#
# JRE version: OpenJDK Runtime Environment (8.0_181-b13) (build 1.8.0_181-8u181-b13-0ubuntu0.16.04.1-b13)
# Java VM: OpenJDK 64-Bit Server VM (25.181-b13 mixed mode linux-amd64 compressed oops)
# Failed to write core dump. Core dumps have been disabled. To enable core dumping, try "ulimit -c unlimited" before starting Java again
#

---------------  T H R E A D  ---------------

Current thread (0x00007fdb98153800):  JavaThread "block-manager-slave-async-thread-pool-18" daemon [_thread_new, id=18662, stack(0x00007fdb78972000,0x00007fdb78a73000)]

Stack: [0x00007fdb78972000,0x00007fdb78a73000],  sp=0x00007fdb78a71b70,  free space=1022k
Native frames: (J=compiled Java code, j=interpreted, Vv=VM code, C=native code)
V  [libjvm.so+0xa70edb]
V  [libjvm.so+0x4c893c]
V  [libjvm.so+0x8bd5bc]
V  [libjvm.so+0x8b7bfe]
V  [libjvm.so+0x8beb87]
V  [libjvm.so+0xa15797]
V  [libjvm.so+0x8bae12]
C  [libpthread.so.0+0x76ba]  start_thread+0xca


---------------  P R O C E S S  ---------------

Java Threads: ( => current thread )
=>0x00007fdb98153800 JavaThread "block-manager-slave-async-thread-pool-18" daemon [_thread_new, id=18662, stack(0x00007fdb78972000,0x00007fdb78a73000)]
  0x00007fdb981f0800 JavaThread "Executor task launch worker for task 2568" daemon [_thread_in_vm, id=18659, stack(0x00007fdb7a578000,0x00007fdb7a679000)]
  0x00007fdb94016800 JavaThread "block-manager-slave-async-thread-pool-15" daemon [_thread_in_vm, id=18642, stack(0x00007fdb7a679000,0x00007fdb7a77a000)]
  0x00007fdb81138800 JavaThread "Thread-18" [_thread_in_native, id=18581, stack(0x00007fdb78570000,0x00007fdb78671000)]
  0x00007fdb90044800 JavaThread "task-result-getter-3" daemon [_thread_blocked, id=18569, stack(0x00007fdb79176000,0x00007fdb79277000)]
  0x00007fdb90043000 JavaThread "task-result-getter-2" daemon [_thread_blocked, id=18568, stack(0x00007fdb7a477000,0x00007fdb7a578000)]
  0x00007fdb980cc800 JavaThread "task-result-getter-1" daemon [_thread_blocked, id=18563, stack(0x00007fdb7a97c000,0x00007fdb7aa7d000)]
  0x00007fdb90037000 JavaThread "task-result-getter-0" daemon [_thread_blocked, id=18562, stack(0x00007fdb7ac7d000,0x00007fdb7ad7e000)]
  0x00007fdb8d99e000 JavaThread "org.apache.hadoop.fs.FileSystem$Statistics$StatisticsDataReferenceCleaner" daemon [_thread_blocked, id=18560, stack(0x00007fdb7bbf1000,0x00007fdb7bcf2000)]
  0x00007fdb8da53000 JavaThread "SparkListenerBus" daemon [_thread_blocked, id=18558, stack(0x00007fdb7b88c000,0x00007fdb7b98d000)]
  0x00007fdb8d52e800 JavaThread "context-cleaner-periodic-gc" daemon [_thread_blocked, id=18557, stack(0x00007fdb7b98d000,0x00007fdb7ba8e000)]
  0x00007fdb8d52c800 JavaThread "Spark Context Cleaner" daemon [_thread_blocked, id=18556, stack(0x00007fdb7ba8e000,0x00007fdb7bb8f000)]
  0x00007fdb8ce2d000 JavaThread "shuffle-server-5-1" daemon [_thread_blocked, id=18555, stack(0x00007fdb7c0f2000,0x00007fdb7c1f3000)]
  0x00007fdb8ce28800 JavaThread "driver-heartbeater" daemon [_thread_blocked, id=18554, stack(0x00007fdb7c1f3000,0x00007fdb7c2f4000)]
  0x00007fdb8cdac800 JavaThread "dag-scheduler-event-loop" daemon [_thread_blocked, id=18553, stack(0x00007fdb7c2f4000,0x00007fdb7c3f5000)]
  0x0000000001870800 JavaThread "netty-rpc-env-timeout" daemon [_thread_blocked, id=18552, stack(0x00007fdb7c3f5000,0x00007fdb7c4f6000)]
  0x00007fdb8ced0000 JavaThread "Timer-0" daemon [_thread_blocked, id=18551, stack(0x00007fdb7c4f6000,0x00007fdb7c5f7000)]
  0x00007fdb98072800 JavaThread "heartbeat-receiver-event-loop-thread" daemon [_thread_in_vm, id=18550, stack(0x00007fdb7c5f7000,0x00007fdb7c6f8000)]
  0x00007fdb8c913800 JavaThread "SparkUI-37" daemon [_thread_blocked, id=18549, stack(0x00007fdb7c6f8000,0x00007fdb7c7f9000)]
  0x00007fdb8c911800 JavaThread "SparkUI-36" daemon [_thread_blocked, id=18548, stack(0x00007fdb7c7f9000,0x00007fdb7c8fa000)]
  0x00007fdb8c90f800 JavaThread "SparkUI-35" daemon [_thread_blocked, id=18547, stack(0x00007fdb7c8fa000,0x00007fdb7c9fb000)]
  0x00007fdb8c7cd800 JavaThread "SparkUI-34" daemon [_thread_blocked, id=18546, stack(0x00007fdb7c9fb000,0x00007fdb7cafc000)]
  0x00007fdb8c7cb800 JavaThread "SparkUI-33" daemon [_thread_blocked, id=18545, stack(0x00007fdb7cafc000,0x00007fdb7cbfd000)]
  0x00007fdb8c7c9800 JavaThread "SparkUI-32" daemon [_thread_blocked, id=18544, stack(0x00007fdb7cbfd000,0x00007fdb7ccfe000)]
  0x00007fdb8c79e000 JavaThread "SparkUI-31-acceptor-0@30283948-Spark@3eefc13d{HTTP/1.1}{0.0.0.0:4040}" daemon [_thread_in_native, id=18543, stack(0x00007fdb7ccfe000,0x00007fdb7cdff000)]
  0x00007fdb8c79d000 JavaThread "SparkUI-30-selector-ServerConnectorManager@26765a49/0" daemon [_thread_in_native, id=18542, stack(0x00007fdb9c02c000,0x00007fdb9c12d000)]
  0x00007fdb8c64f000 JavaThread "refresh progress" daemon [_thread_blocked, id=18540, stack(0x00007fdb9c12d000,0x00007fdb9c22e000)]
  0x00007fdb8c772800 JavaThread "map-output-dispatcher-7" daemon [_thread_blocked, id=18539, stack(0x00007fdb9c42e000,0x00007fdb9c52f000)]
  0x00007fdb8c770800 JavaThread "map-output-dispatcher-6" daemon [_thread_blocked, id=18538, stack(0x00007fdb9c52f000,0x00007fdb9c630000)]
  0x00007fdb8c76f000 JavaThread "map-output-dispatcher-5" daemon [_thread_blocked, id=18537, stack(0x00007fdb9c630000,0x00007fdb9c731000)]
  0x00007fdb8c71d000 JavaThread "map-output-dispatcher-4" daemon [_thread_blocked, id=18536, stack(0x00007fdb9c731000,0x00007fdb9c832000)]
  0x00007fdb8c71b800 JavaThread "map-output-dispatcher-3" daemon [_thread_blocked, id=18535, stack(0x00007fdb9c832000,0x00007fdb9c933000)]
  0x00007fdb8c62a000 JavaThread "map-output-dispatcher-2" daemon [_thread_blocked, id=18534, stack(0x00007fdb9c933000,0x00007fdb9ca34000)]
  0x00007fdb8c628800 JavaThread "map-output-dispatcher-1" daemon [_thread_blocked, id=18533, stack(0x00007fdb9ca34000,0x00007fdb9cb35000)]
  0x00007fdb8c6a7000 JavaThread "map-output-dispatcher-0" daemon [_thread_blocked, id=18532, stack(0x00007fdb9cb35000,0x00007fdb9cc36000)]
  0x00007fdb8c6d8000 JavaThread "rpc-server-3-1" daemon [_thread_blocked, id=18531, stack(0x00007fdb9cc36000,0x00007fdb9cd37000)]
  0x00007fdb8c6b1000 JavaThread "dispatcher-event-loop-1" daemon [_thread_blocked, id=18530, stack(0x00007fdb9d15d000,0x00007fdb9d25e000)]
  0x00007fdb8c6b0800 JavaThread "dispatcher-event-loop-0" daemon [_thread_blocked, id=18529, stack(0x00007fdb9da8a000,0x00007fdb9db8b000)]
  0x00007fdb804fb000 JavaThread "Thread-2" [_thread_blocked, id=18525, stack(0x00007fdb9e1ce000,0x00007fdb9e2cf000)]
  0x00007fdbb0d76000 JavaThread "Thread-1" [_thread_in_native, id=18524, stack(0x00007fdb9e2cf000,0x00007fdb9e3d0000)]
  0x00007fdbb0d61000 JavaThread "pool-1-thread-1" [_thread_blocked, id=18523, stack(0x00007fdb9e3d0000,0x00007fdb9e4d1000)]
  0x00007fdbb00b1800 JavaThread "Service Thread" daemon [_thread_blocked, id=18521, stack(0x00007fdb9f75b000,0x00007fdb9f85c000)]
  0x00007fdbb00ae800 JavaThread "C1 CompilerThread1" daemon [_thread_blocked, id=18520, stack(0x00007fdb9f85c000,0x00007fdb9f95d000)]
  0x00007fdbb00ac000 JavaThread "C2 CompilerThread0" daemon [_thread_in_native, id=18519, stack(0x00007fdb9f95d000,0x00007fdb9fa5e000)]
  0x00007fdbb00aa000 JavaThread "Signal Dispatcher" daemon [_thread_blocked, id=18518, stack(0x00007fdb9fa5e000,0x00007fdb9fb5f000)]
  0x00007fdbb0081800 JavaThread "Finalizer" daemon [_thread_blocked, id=18517, stack(0x00007fdb9fcf7000,0x00007fdb9fdf8000)]
  0x00007fdbb007d000 JavaThread "Reference Handler" daemon [_thread_blocked, id=18516, stack(0x00007fdb9fdf8000,0x00007fdb9fef9000)]
  0x00007fdbb0011800 JavaThread "main" [_thread_in_native, id=18514, stack(0x00007fdbb7769000,0x00007fdbb786a000)]

Other Threads:
  0x00007fdbb0075800 VMThread [stack: 0x00007fdb9fef9000,0x00007fdb9fffa000] [id=18515]
  0x00007fdbb00b8800 WatcherThread [stack: 0x00007fdb9f65a000,0x00007fdb9f75b000] [id=18522]

VM state:synchronizing (normal execution)

VM Mutex/Monitor currently owned by a thread:  ([mutex/lock_event])
[0x00007fdbb000dbc0] Safepoint_lock - owner thread: 0x00007fdbb0075800
[0x00007fdbb000dc40] Threads_lock - owner thread: 0x00007fdbb0075800

Heap:
 def new generation   total 63552K, used 30607K [0x00000000c0000000, 0x00000000c44f0000, 0x00000000d5550000)
  eden space 56512K,  53% used [0x00000000c0000000, 0x00000000c1da1b38, 0x00000000c3730000)
  from space 7040K,   3% used [0x00000000c3730000, 0x00000000c3772170, 0x00000000c3e10000)
  to   space 7040K,   0% used [0x00000000c3e10000, 0x00000000c3e10000, 0x00000000c44f0000)
 tenured generation   total 141116K, used 83817K [0x00000000d5550000, 0x00000000ddf1f000, 0x0000000100000000)
   the space 141116K,  59% used [0x00000000d5550000, 0x00000000da72a760, 0x00000000da72a800, 0x00000000ddf1f000)
 Metaspace       used 99841K, capacity 102709K, committed 103256K, reserved 1138688K
  class space    used 12651K, capacity 13065K, committed 13144K, reserved 1048576K

Card table byte_map: [0x00007fdba0a3f000,0x00007fdba0c40000] byte_map_base: 0x00007fdba043f000

Polling page: 0x00007fdbb7875000

CodeCache: size=245760Kb used=70668Kb max_used=70701Kb free=175091Kb
 bounds [0x00007fdba1000000, 0x00007fdba5610000, 0x00007fdbb0000000]
 total_blobs=17066 nmethods=16293 adapters=682
 compilation: enabled

Compilation events (10 events):
Event: 890.561 Thread 0x00007fdbb00ae800 nmethod 24380 0x00007fdba13c7c90 code [0x00007fdba13c7e40, 0x00007fdba13c8220]
Event: 890.573 Thread 0x00007fdbb00ae800 24381   !   3       sun.reflect.GeneratedConstructorAccessor34::newInstance (61 bytes)
Event: 890.574 Thread 0x00007fdbb00ae800 nmethod 24381 0x00007fdba13c6350 code [0x00007fdba13c65a0, 0x00007fdba13c7358]
Event: 890.598 Thread 0x00007fdbb00ae800 24383       3       org.apache.spark.sql.execution.FilterExec::outputPartitioning (8 bytes)
Event: 890.598 Thread 0x00007fdbb00ae800 nmethod 24383 0x00007fdba165e510 code [0x00007fdba165e680, 0x00007fdba165e8c0]
Event: 890.617 Thread 0x00007fdbb00ae800 24384       1       org.apache.spark.sql.execution.SortExec::parent (5 bytes)
Event: 890.618 Thread 0x00007fdbb00ae800 nmethod 24384 0x00007fdba4631d90 code [0x00007fdba4631ee0, 0x00007fdba4631ff0]
Event: 890.619 Thread 0x00007fdbb00ae800 24385       1       org.apache.spark.sql.execution.SampleExec::parent (5 bytes)
Event: 890.619 Thread 0x00007fdbb00ae800 nmethod 24385 0x00007fdba4e55e50 code [0x00007fdba4e55fa0, 0x00007fdba4e560b0]
Event: 896.690 Thread 0x00007fdbb00ae800 24387       3       org.apache.spark.SparkStatusTracker$$anonfun$getStageInfo$1::apply (41 bytes)

GC Heap History (10 events):
Event: 890.606 GC heap before
{Heap before GC invocations=1928 (full 14):
 def new generation   total 63552K, used 58787K [0x00000000c0000000, 0x00000000c44f0000, 0x00000000d5550000)
  eden space 56512K, 100% used [0x00000000c0000000, 0x00000000c3730000, 0x00000000c3730000)
  from space 7040K,  32% used [0x00000000c3e10000, 0x00000000c4048f50, 0x00000000c44f0000)
  to   space 7040K,   0% used [0x00000000c3730000, 0x00000000c3730000, 0x00000000c3e10000)
 tenured generation   total 141116K, used 132323K [0x00000000d5550000, 0x00000000ddf1f000, 0x0000000100000000)
   the space 141116K,  93% used [0x00000000d5550000, 0x00000000dd688d38, 0x00000000dd688e00, 0x00000000ddf1f000)
 Metaspace       used 99883K, capacity 102781K, committed 103256K, reserved 1138688K
  class space    used 12658K, capacity 13077K, committed 13144K, reserved 1048576K
Event: 890.609 GC heap after
Heap after GC invocations=1929 (full 14):
 def new generation   total 63552K, used 615K [0x00000000c0000000, 0x00000000c44f0000, 0x00000000d5550000)
  eden space 56512K,   0% used [0x00000000c0000000, 0x00000000c0000000, 0x00000000c3730000)
  from space 7040K,   8% used [0x00000000c3730000, 0x00000000c37c9d18, 0x00000000c3e10000)
  to   space 7040K,   0% used [0x00000000c3e10000, 0x00000000c3e10000, 0x00000000c44f0000)
 tenured generation   total 141116K, used 132439K [0x00000000d5550000, 0x00000000ddf1f000, 0x0000000100000000)
   the space 141116K,  93% used [0x00000000d5550000, 0x00000000dd6a5c18, 0x00000000dd6a5e00, 0x00000000ddf1f000)
 Metaspace       used 99883K, capacity 102781K, committed 103256K, reserved 1138688K
  class space    used 12658K, capacity 13077K, committed 13144K, reserved 1048576K
}
Event: 890.693 GC heap before
{Heap before GC invocations=1929 (full 14):
 def new generation   total 63552K, used 57127K [0x00000000c0000000, 0x00000000c44f0000, 0x00000000d5550000)
  eden space 56512K, 100% used [0x00000000c0000000, 0x00000000c3730000, 0x00000000c3730000)
  from space 7040K,   8% used [0x00000000c3730000, 0x00000000c37c9d18, 0x00000000c3e10000)
  to   space 7040K,   0% used [0x00000000c3e10000, 0x00000000c3e10000, 0x00000000c44f0000)
 tenured generation   total 141116K, used 132439K [0x00000000d5550000, 0x00000000ddf1f000, 0x0000000100000000)
   the space 141116K,  93% used [0x00000000d5550000, 0x00000000dd6a5c18, 0x00000000dd6a5e00, 0x00000000ddf1f000)
 Metaspace       used 99887K, capacity 102787K, committed 103256K, reserved 1138688K
  class space    used 12658K, capacity 13078K, committed 13144K, reserved 1048576K
Event: 891.753 GC heap after
Heap after GC invocations=1930 (full 15):
 def new generation   total 63552K, used 0K [0x00000000c0000000, 0x00000000c44f0000, 0x00000000d5550000)
  eden space 56512K,   0% used [0x00000000c0000000, 0x00000000c0000000, 0x00000000c3730000)
  from space 7040K,   0% used [0x00000000c3e10000, 0x00000000c3e10000, 0x00000000c44f0000)
  to   space 7040K,   0% used [0x00000000c3730000, 0x00000000c3730000, 0x00000000c3e10000)
 tenured generation   total 141116K, used 83817K [0x00000000d5550000, 0x00000000ddf1f000, 0x0000000100000000)
   the space 141116K,  59% used [0x00000000d5550000, 0x00000000da72a760, 0x00000000da72a800, 0x00000000ddf1f000)
 Metaspace       used 99838K, capacity 102709K, committed 103256K, reserved 1138688K
  class space    used 12651K, capacity 13065K, committed 13144K, reserved 1048576K
}
Event: 894.664 GC heap before
{Heap before GC invocations=1930 (full 15):
 def new generation   total 63552K, used 56512K [0x00000000c0000000, 0x00000000c44f0000, 0x00000000d5550000)
  eden space 56512K, 100% used [0x00000000c0000000, 0x00000000c3730000, 0x00000000c3730000)
  from space 7040K,   0% used [0x00000000c3e10000, 0x00000000c3e10000, 0x00000000c44f0000)
  to   space 7040K,   0% used [0x00000000c3730000, 0x00000000c3730000, 0x00000000c3e10000)
 tenured generation   total 141116K, used 83817K [0x00000000d5550000, 0x00000000ddf1f000, 0x0000000100000000)
   the space 141116K,  59% used [0x00000000d5550000, 0x00000000da72a760, 0x00000000da72a800, 0x00000000ddf1f000)
 Metaspace       used 99838K, capacity 102709K, committed 103256K, reserved 1138688K
  class space    used 12651K, capacity 13065K, committed 13144K, reserved 1048576K
Event: 895.370 GC heap after
Heap after GC invocations=1931 (full 15):
 def new generation   total 63552K, used 138K [0x00000000c0000000, 0x00000000c44f0000, 0x00000000d5550000)
  eden space 56512K,   0% used [0x00000000c0000000, 0x00000000c0000000, 0x00000000c3730000)
  from space 7040K,   1% used [0x00000000c3730000, 0x00000000c3752b38, 0x00000000c3e10000)
  to   space 7040K,   0% used [0x00000000c3e10000, 0x00000000c3e10000, 0x00000000c44f0000)
 tenured generation   total 141116K, used 83817K [0x00000000d5550000, 0x00000000ddf1f000, 0x0000000100000000)
   the space 141116K,  59% used [0x00000000d5550000, 0x00000000da72a760, 0x00000000da72a800, 0x00000000ddf1f000)
 Metaspace       used 99838K, capacity 102709K, committed 103256K, reserved 1138688K
  class space    used 12651K, capacity 13065K, committed 13144K, reserved 1048576K
}
Event: 897.964 GC heap before
{Heap before GC invocations=1931 (full 15):
 def new generation   total 63552K, used 56650K [0x00000000c0000000, 0x00000000c44f0000, 0x00000000d5550000)
  eden space 56512K, 100% used [0x00000000c0000000, 0x00000000c3730000, 0x00000000c3730000)
  from space 7040K,   1% used [0x00000000c3730000, 0x00000000c3752b38, 0x00000000c3e10000)
  to   space 7040K,   0% used [0x00000000c3e10000, 0x00000000c3e10000, 0x00000000c44f0000)
 tenured generation   total 141116K, used 83817K [0x00000000d5550000, 0x00000000ddf1f000, 0x0000000100000000)
   the space 141116K,  59% used [0x00000000d5550000, 0x00000000da72a760, 0x00000000da72a800, 0x00000000ddf1f000)
 Metaspace       used 99840K, capacity 102709K, committed 103256K, reserved 1138688K
  class space    used 12651K, capacity 13065K, committed 13144K, reserved 1048576K
Event: 898.484 GC heap after
Heap after GC invocations=1932 (full 15):
 def new generation   total 63552K, used 264K [0x00000000c0000000, 0x00000000c44f0000, 0x00000000d5550000)
  eden space 56512K,   0% used [0x00000000c0000000, 0x00000000c0000000, 0x00000000c3730000)
  from space 7040K,   3% used [0x00000000c3e10000, 0x00000000c3e521d0, 0x00000000c44f0000)
  to   space 7040K,   0% used [0x00000000c3730000, 0x00000000c3730000, 0x00000000c3e10000)
 tenured generation   total 141116K, used 83817K [0x00000000d5550000, 0x00000000ddf1f000, 0x0000000100000000)
   the space 141116K,  59% used [0x00000000d5550000, 0x00000000da72a760, 0x00000000da72a800, 0x00000000ddf1f000)
 Metaspace       used 99840K, capacity 102709K, committed 103256K, reserved 1138688K
  class space    used 12651K, capacity 13065K, committed 13144K, reserved 1048576K
}
Event: 912.751 GC heap before
{Heap before GC invocations=1932 (full 15):
 def new generation   total 63552K, used 56300K [0x00000000c0000000, 0x00000000c44f0000, 0x00000000d5550000)
  eden space 56512K,  99% used [0x00000000c0000000, 0x00000000c36b8f98, 0x00000000c3730000)
  from space 7040K,   3% used [0x00000000c3e10000, 0x00000000c3e521d0, 0x00000000c44f0000)
  to   space 7040K,   0% used [0x00000000c3730000, 0x00000000c3730000, 0x00000000c3e10000)
 tenured generation   total 141116K, used 83817K [0x00000000d5550000, 0x00000000ddf1f000, 0x0000000100000000)
   the space 141116K,  59% used [0x00000000d5550000, 0x00000000da72a760, 0x00000000da72a800, 0x00000000ddf1f000)
 Metaspace       used 99841K, capacity 102709K, committed 103256K, reserved 1138688K
  class space    used 12651K, capacity 13065K, committed 13144K, reserved 1048576K
Event: 994.773 GC heap after
Heap after GC invocations=1933 (full 15):
 def new generation   total 63552K, used 264K [0x00000000c0000000, 0x00000000c44f0000, 0x00000000d5550000)
  eden space 56512K,   0% used [0x00000000c0000000, 0x00000000c0000000, 0x00000000c3730000)
  from space 7040K,   3% used [0x00000000c3730000, 0x00000000c3772170, 0x00000000c3e10000)
  to   space 7040K,   0% used [0x00000000c3e10000, 0x00000000c3e10000, 0x00000000c44f0000)
 tenured generation   total 141116K, used 83817K [0x00000000d5550000, 0x00000000ddf1f000, 0x0000000100000000)
   the space 141116K,  59% used [0x00000000d5550000, 0x00000000da72a760, 0x00000000da72a800, 0x00000000ddf1f000)
 Metaspace       used 99841K, capacity 102709K, committed 103256K, reserved 1138688K
  class space    used 12651K, capacity 13065K, committed 13144K, reserved 1048576K
}

Deoptimization events (10 events):
Event: 876.283 Thread 0x00007fdb981f0800 Uncommon trap: reason=null_check action=make_not_entrant pc=0x00007fdba4e6812c method=org.apache.spark.ml.tree.impl.RandomForest$$anonfun$19$$anonfun$20.apply(I)Lscala/Tuple2; @ 65
Event: 880.117 Thread 0x00007fdb981ef000 Uncommon trap: reason=null_check action=make_not_entrant pc=0x00007fdba208a93c method=org.apache.spark.util.collection.ExternalAppendOnlyMap$SpillableIterator.readNext()Lscala/Tuple2; @ 56
Event: 881.095 Thread 0x00007fdb804fb000 Uncommon trap: reason=null_check action=make_not_entrant pc=0x00007fdba50da06c method=org.apache.spark.ml.param.Params$$anonfun$params$1.apply(Ljava/lang/reflect/Method;)Z @ 16
Event: 884.226 Thread 0x00007fdb981ef000 Uncommon trap: reason=null_check action=make_not_entrant pc=0x00007fdba1f23210 method=com.esotericsoftware.kryo.Kryo.isFinal(Ljava/lang/Class;)Z @ 25
Event: 884.831 Thread 0x00007fdb981f0800 Uncommon trap: reason=null_check action=make_not_entrant pc=0x00007fdba2a81ac0 method=com.esotericsoftware.kryo.Kryo.isFinal(Ljava/lang/Class;)Z @ 33
Event: 887.528 Thread 0x00007fdb8da53000 Uncommon trap: reason=null_check action=make_not_entrant pc=0x00007fdba470836c method=scala.collection.mutable.HashTable$class.removeEntry(Lscala/collection/mutable/HashTable;Ljava/lang/Object;)Lscala/collection/mutable/HashEntry; @ 170
Event: 887.528 Thread 0x00007fdb8da53000 Uncommon trap: reason=null_check action=make_not_entrant pc=0x00007fdba2d464d4 method=scala.collection.mutable.HashTable$class.removeEntry(Lscala/collection/mutable/HashTable;Ljava/lang/Object;)Lscala/collection/mutable/HashEntry; @ 170
Event: 888.781 Thread 0x00007fdb804fb000 Uncommon trap: reason=class_check action=maybe_recompile pc=0x00007fdba3233cb4 method=scala.runtime.ScalaRunTime$.array_length(Ljava/lang/Object;)I @ 123
Event: 888.782 Thread 0x00007fdb804fb000 Uncommon trap: reason=class_check action=maybe_recompile pc=0x00007fdba3233cb4 method=scala.runtime.ScalaRunTime$.array_length(Ljava/lang/Object;)I @ 123
Event: 892.081 Thread 0x00007fdb94016800 Uncommon trap: reason=unstable_if action=reinterpret pc=0x00007fdba1d0ef8c method=java.util.concurrent.SynchronousQueue$TransferStack.transfer(Ljava/lang/Object;ZJ)Ljava/lang/Object; @ 94

Classes redefined (0 events):
No events

Internal exceptions (10 events):
Event: 633.251 Thread 0x00007fdb8c6b0800 Exception <a 'java/lang/NoSuchMethodError': <clinit>> (0x00000000c1709888) thrown at [/build/openjdk-8-pREaNj/openjdk-8-8u181-b13/src/hotspot/src/share/vm/prims/jni.cpp, line 1613]
Event: 633.540 Thread 0x00007fdb9009b800 Implicit null exception at 0x00007fdba448e9e1 to 0x00007fdba448ed05
Event: 638.836 Thread 0x00007fdb8c6b1000 Implicit null exception at 0x00007fdba4734a67 to 0x00007fdba47352c1
Event: 640.692 Thread 0x00007fdb804fb000 Exception <a 'java/lang/NoSuchMethodError': <clinit>> (0x00000000c31a0638) thrown at [/build/openjdk-8-pREaNj/openjdk-8-8u181-b13/src/hotspot/src/share/vm/prims/jni.cpp, line 1613]
Event: 640.692 Thread 0x00007fdb804fb000 Exception <a 'java/lang/NoSuchMethodError': <clinit>> (0x00000000c31cf000) thrown at [/build/openjdk-8-pREaNj/openjdk-8-8u181-b13/src/hotspot/src/share/vm/prims/jni.cpp, line 1613]
Event: 853.262 Thread 0x00007fdb804fb000 Implicit null exception at 0x00007fdba350b9e2 to 0x00007fdba350ba8d
Event: 876.283 Thread 0x00007fdb981f0800 Implicit null exception at 0x00007fdba4e65997 to 0x00007fdba4e68105
Event: 880.117 Thread 0x00007fdb981ef000 Implicit null exception at 0x00007fdba208a669 to 0x00007fdba208a92d
Event: 887.528 Thread 0x00007fdb8da53000 Implicit null exception at 0x00007fdba4707de0 to 0x00007fdba4708361
Event: 887.528 Thread 0x00007fdb8da53000 Implicit null exception at 0x00007fdba2d459ab to 0x00007fdba2d464b5

Events (10 events):
Event: 905.528 Executing VM operation: GenCollectForAllocation
Event: 995.326 Executing VM operation: GenCollectForAllocation done
Event: 995.836 Thread 0x00007fdb94001000 Thread exited: 0x00007fdb94001000
Event: 995.828 Thread 0x00007fdb94017800 Thread exited: 0x00007fdb94017800
Event: 995.902 Thread 0x00007fdb88016000 Thread exited: 0x00007fdb88016000
Event: 995.902 Thread 0x00007fdb9009b800 Thread exited: 0x00007fdb9009b800
Event: 995.902 Thread 0x00007fdb981ef000 Thread exited: 0x00007fdb981ef000
Event: 995.902 Thread 0x00007fdb98153800 Thread exited: 0x00007fdb98153800
Event: 995.902 Thread 0x00007fdb90041000 Thread exited: 0x00007fdb90041000
Event: 998.766 Thread 0x00007fdb98153800 Thread added: 0x00007fdb98153800


Dynamic libraries:
00400000-00401000 r-xp 00000000 ca:01 256949                             /usr/lib/jvm/java-8-openjdk-amd64/jre/bin/java
00600000-00601000 r--p 00000000 ca:01 256949                             /usr/lib/jvm/java-8-openjdk-amd64/jre/bin/java
00601000-00602000 rw-p 00001000 ca:01 256949                             /usr/lib/jvm/java-8-openjdk-amd64/jre/bin/java
01847000-01c19000 rw-p 00000000 00:00 0                                  [heap]
c0000000-c44f0000 rw-p 00000000 00:00 0 
c44f0000-d5550000 ---p 00000000 00:00 0 
d5550000-ddf1f000 rw-p 00000000 00:00 0 
ddf1f000-100000000 ---p 00000000 00:00 0 
100000000-100cd6000 rw-p 00000000 00:00 0 
100cd6000-140000000 ---p 00000000 00:00 0 
7fdb70000000-7fdb72439000 rw-p 00000000 00:00 0 
7fdb72439000-7fdb74000000 ---p 00000000 00:00 0 
7fdb7676e000-7fdb7696e000 rw-p 00000000 00:00 0 
7fdb7696e000-7fdb76b6e000 rw-p 00000000 00:00 0 
7fdb76b6e000-7fdb76d6e000 rw-p 00000000 00:00 0 
7fdb76d6e000-7fdb76f6e000 rw-p 00000000 00:00 0 
7fdb76f6e000-7fdb7716e000 rw-p 00000000 00:00 0 
7fdb7716e000-7fdb7736e000 rw-p 00000000 00:00 0 
7fdb7736e000-7fdb7756e000 rw-p 00000000 00:00 0 
7fdb7756e000-7fdb7776e000 rw-p 00000000 00:00 0 
7fdb7776e000-7fdb7796e000 rw-p 00000000 00:00 0 
7fdb7796e000-7fdb77b6e000 rw-p 00000000 00:00 0 
7fdb77b6e000-7fdb77b71000 ---p 00000000 00:00 0 
7fdb77b71000-7fdb77e6f000 rw-p 00000000 00:00 0 
7fdb77e6f000-7fdb7806f000 rw-p 00000000 00:00 0 
7fdb7806f000-7fdb7826f000 rw-p 00000000 00:00 0 
7fdb7826f000-7fdb7846f000 rw-p 00000000 00:00 0 
7fdb7846f000-7fdb78472000 ---p 00000000 00:00 0 
7fdb78472000-7fdb78570000 rw-p 00000000 00:00 0 
7fdb78570000-7fdb78573000 ---p 00000000 00:00 0 
7fdb78573000-7fdb78871000 rw-p 00000000 00:00 0 
7fdb78871000-7fdb78874000 ---p 00000000 00:00 0 
7fdb78874000-7fdb78972000 rw-p 00000000 00:00 0 
7fdb78975000-7fdb78a73000 rw-p 00000000 00:00 0 
7fdb78a73000-7fdb78a76000 ---p 00000000 00:00 0 
7fdb78a76000-7fdb78d74000 rw-p 00000000 00:00 0 
7fdb78d74000-7fdb78d77000 ---p 00000000 00:00 0 
7fdb78d77000-7fdb79075000 rw-p 00000000 00:00 0 
7fdb79075000-7fdb79078000 ---p 00000000 00:00 0 
7fdb79078000-7fdb79176000 rw-p 00000000 00:00 0 
7fdb79176000-7fdb79179000 ---p 00000000 00:00 0 
7fdb79179000-7fdb79477000 rw-p 00000000 00:00 0 
7fdb79477000-7fdb79677000 rw-p 00000000 00:00 0 
7fdb79677000-7fdb79877000 rw-p 00000000 00:00 0 
7fdb79877000-7fdb79a77000 rw-p 00000000 00:00 0 
7fdb79a77000-7fdb79c77000 rw-p 00000000 00:00 0 
7fdb79c77000-7fdb79e77000 rw-p 00000000 00:00 0 
7fdb79e77000-7fdb7a077000 rw-p 00000000 00:00 0 
7fdb7a077000-7fdb7a277000 rw-p 00000000 00:00 0 
7fdb7a277000-7fdb7a477000 rw-p 00000000 00:00 0 
7fdb7a477000-7fdb7a47a000 ---p 00000000 00:00 0 
7fdb7a47a000-7fdb7a578000 rw-p 00000000 00:00 0 
7fdb7a578000-7fdb7a57b000 ---p 00000000 00:00 0 
7fdb7a57b000-7fdb7a679000 rw-p 00000000 00:00 0 
7fdb7a679000-7fdb7a67c000 ---p 00000000 00:00 0 
7fdb7a67c000-7fdb7a77a000 rw-p 00000000 00:00 0 
7fdb7a77a000-7fdb7a77d000 ---p 00000000 00:00 0 
7fdb7a77d000-7fdb7a87b000 rw-p 00000000 00:00 0 
7fdb7a87b000-7fdb7a87e000 ---p 00000000 00:00 0 
7fdb7a87e000-7fdb7a97c000 rw-p 00000000 00:00 0 
7fdb7a97c000-7fdb7a97f000 ---p 00000000 00:00 0 
7fdb7a97f000-7fdb7ac7d000 rw-p 00000000 00:00 0 
7fdb7ac7d000-7fdb7ac80000 ---p 00000000 00:00 0 
7fdb7ac80000-7fdb7ad7e000 rw-p 00000000 00:00 0 
7fdb7ad7e000-7fdb7ad81000 ---p 00000000 00:00 0 
7fdb7ad81000-7fdb7b07f000 rw-p 00000000 00:00 0 
7fdb7b07f000-7fdb7b08c000 r-xp 00000000 ca:01 6707                       /tmp/liblz4-java7483037055114544721.so
7fdb7b08c000-7fdb7b28b000 ---p 0000d000 ca:01 6707                       /tmp/liblz4-java7483037055114544721.so
7fdb7b28b000-7fdb7b28c000 rw-p 0000c000 ca:01 6707                       /tmp/liblz4-java7483037055114544721.so
7fdb7b28c000-7fdb7b48c000 rw-p 00000000 00:00 0 
7fdb7b48c000-7fdb7b68c000 rw-p 00000000 00:00 0 
7fdb7b68c000-7fdb7b88c000 rw-p 00000000 00:00 0 
7fdb7b88c000-7fdb7b88f000 ---p 00000000 00:00 0 
7fdb7b88f000-7fdb7b98d000 rw-p 00000000 00:00 0 
7fdb7b98d000-7fdb7b990000 ---p 00000000 00:00 0 
7fdb7b990000-7fdb7ba8e000 rw-p 00000000 00:00 0 
7fdb7ba8e000-7fdb7ba91000 ---p 00000000 00:00 0 
7fdb7ba91000-7fdb7bb8f000 rw-p 00000000 00:00 0 
7fdb7bbf1000-7fdb7bbf4000 ---p 00000000 00:00 0 
7fdb7bbf4000-7fdb7bef2000 rw-p 00000000 00:00 0 
7fdb7bef2000-7fdb7c0f2000 rw-p 00000000 00:00 0 
7fdb7c0f2000-7fdb7c0f5000 ---p 00000000 00:00 0 
7fdb7c0f5000-7fdb7c1f3000 rw-p 00000000 00:00 0 
7fdb7c1f3000-7fdb7c1f6000 ---p 00000000 00:00 0 
7fdb7c1f6000-7fdb7c2f4000 rw-p 00000000 00:00 0 
7fdb7c2f4000-7fdb7c2f7000 ---p 00000000 00:00 0 
7fdb7c2f7000-7fdb7c3f5000 rw-p 00000000 00:00 0 
7fdb7c3f5000-7fdb7c3f8000 ---p 00000000 00:00 0 
7fdb7c3f8000-7fdb7c4f6000 rw-p 00000000 00:00 0 
7fdb7c4f6000-7fdb7c4f9000 ---p 00000000 00:00 0 
7fdb7c4f9000-7fdb7c5f7000 rw-p 00000000 00:00 0 
7fdb7c5f7000-7fdb7c5fa000 ---p 00000000 00:00 0 
7fdb7c5fa000-7fdb7c6f8000 rw-p 00000000 00:00 0 
7fdb7c6f8000-7fdb7c6fb000 ---p 00000000 00:00 0 
7fdb7c6fb000-7fdb7c7f9000 rw-p 00000000 00:00 0 
7fdb7c7f9000-7fdb7c7fc000 ---p 00000000 00:00 0 
7fdb7c7fc000-7fdb7c8fa000 rw-p 00000000 00:00 0 
7fdb7c8fa000-7fdb7c8fd000 ---p 00000000 00:00 0 
7fdb7c8fd000-7fdb7c9fb000 rw-p 00000000 00:00 0 
7fdb7c9fb000-7fdb7c9fe000 ---p 00000000 00:00 0 
7fdb7c9fe000-7fdb7cafc000 rw-p 00000000 00:00 0 
7fdb7cafc000-7fdb7caff000 ---p 00000000 00:00 0 
7fdb7caff000-7fdb7cbfd000 rw-p 00000000 00:00 0 
7fdb7cbfd000-7fdb7cc00000 ---p 00000000 00:00 0 
7fdb7cc00000-7fdb7ccfe000 rw-p 00000000 00:00 0 
7fdb7ccfe000-7fdb7cd01000 ---p 00000000 00:00 0 
7fdb7cd01000-7fdb7cfff000 rw-p 00000000 00:00 0 
7fdb7cfff000-7fdb80000000 rw-p 00000000 00:00 0 
7fdb80000000-7fdb83d52000 rw-p 00000000 00:00 0 
7fdb83d52000-7fdb84000000 ---p 00000000 00:00 0 
7fdb84000000-7fdb840a3000 rw-p 00000000 00:00 0 
7fdb840a3000-7fdb88000000 ---p 00000000 00:00 0 
7fdb88000000-7fdb88101000 rw-p 00000000 00:00 0 
7fdb88101000-7fdb8c000000 ---p 00000000 00:00 0 
7fdb8c000000-7fdb8fffb000 rw-p 00000000 00:00 0 
7fdb8fffb000-7fdb90000000 ---p 00000000 00:00 0 
7fdb90000000-7fdb902f6000 rw-p 00000000 00:00 0 
7fdb902f6000-7fdb94000000 ---p 00000000 00:00 0 
7fdb94000000-7fdb94054000 rw-p 00000000 00:00 0 
7fdb94054000-7fdb98000000 ---p 00000000 00:00 0 
7fdb98000000-7fdb98492000 rw-p 00000000 00:00 0 
7fdb98492000-7fdb9c000000 ---p 00000000 00:00 0 
7fdb9c02c000-7fdb9c02f000 ---p 00000000 00:00 0 
7fdb9c02f000-7fdb9c12d000 rw-p 00000000 00:00 0 
7fdb9c12d000-7fdb9c130000 ---p 00000000 00:00 0 
7fdb9c130000-7fdb9c42e000 rw-p 00000000 00:00 0 
7fdb9c42e000-7fdb9c431000 ---p 00000000 00:00 0 
7fdb9c431000-7fdb9c52f000 rw-p 00000000 00:00 0 
7fdb9c52f000-7fdb9c532000 ---p 00000000 00:00 0 
7fdb9c532000-7fdb9c630000 rw-p 00000000 00:00 0 
7fdb9c630000-7fdb9c633000 ---p 00000000 00:00 0 
7fdb9c633000-7fdb9c731000 rw-p 00000000 00:00 0 
7fdb9c731000-7fdb9c734000 ---p 00000000 00:00 0 
7fdb9c734000-7fdb9c832000 rw-p 00000000 00:00 0 
7fdb9c832000-7fdb9c835000 ---p 00000000 00:00 0 
7fdb9c835000-7fdb9c933000 rw-p 00000000 00:00 0 
7fdb9c933000-7fdb9c936000 ---p 00000000 00:00 0 
7fdb9c936000-7fdb9ca34000 rw-p 00000000 00:00 0 
7fdb9ca34000-7fdb9ca37000 ---p 00000000 00:00 0 
7fdb9ca37000-7fdb9cb35000 rw-p 00000000 00:00 0 
7fdb9cb35000-7fdb9cb38000 ---p 00000000 00:00 0 
7fdb9cb38000-7fdb9cc36000 rw-p 00000000 00:00 0 
7fdb9cc36000-7fdb9cc39000 ---p 00000000 00:00 0 
7fdb9cc39000-7fdb9cd37000 rw-p 00000000 00:00 0 
7fdb9cd37000-7fdb9cd48000 r-xp 00000000 ca:01 256909                     /usr/lib/jvm/java-8-openjdk-amd64/jre/lib/amd64/libnio.so
7fdb9cd48000-7fdb9cf48000 ---p 00011000 ca:01 256909                     /usr/lib/jvm/java-8-openjdk-amd64/jre/lib/amd64/libnio.so
7fdb9cf48000-7fdb9cf49000 r--p 00011000 ca:01 256909                     /usr/lib/jvm/java-8-openjdk-amd64/jre/lib/amd64/libnio.so
7fdb9cf49000-7fdb9cf4a000 rw-p 00012000 ca:01 256909                     /usr/lib/jvm/java-8-openjdk-amd64/jre/lib/amd64/libnio.so
7fdb9cf4a000-7fdb9d14a000 rw-p 00000000 00:00 0 
7fdb9d14a000-7fdb9d15d000 r--s 00346000 ca:01 256864                     /usr/lib/jvm/java-8-openjdk-amd64/jre/lib/resources.jar
7fdb9d15d000-7fdb9d160000 ---p 00000000 00:00 0 
7fdb9d160000-7fdb9d45e000 rw-p 00000000 00:00 0 
7fdb9d45e000-7fdb9d475000 r-xp 00000000 ca:01 1984                       /lib/x86_64-linux-gnu/libresolv-2.23.so
7fdb9d475000-7fdb9d675000 ---p 00017000 ca:01 1984                       /lib/x86_64-linux-gnu/libresolv-2.23.so
7fdb9d675000-7fdb9d676000 r--p 00017000 ca:01 1984                       /lib/x86_64-linux-gnu/libresolv-2.23.so
7fdb9d676000-7fdb9d677000 rw-p 00018000 ca:01 1984                       /lib/x86_64-linux-gnu/libresolv-2.23.so
7fdb9d677000-7fdb9d679000 rw-p 00000000 00:00 0 
7fdb9d679000-7fdb9d67e000 r-xp 00000000 ca:01 1990                       /lib/x86_64-linux-gnu/libnss_dns-2.23.so
7fdb9d67e000-7fdb9d87e000 ---p 00005000 ca:01 1990                       /lib/x86_64-linux-gnu/libnss_dns-2.23.so
7fdb9d87e000-7fdb9d87f000 r--p 00005000 ca:01 1990                       /lib/x86_64-linux-gnu/libnss_dns-2.23.so
7fdb9d87f000-7fdb9d880000 rw-p 00006000 ca:01 1990                       /lib/x86_64-linux-gnu/libnss_dns-2.23.so
7fdb9d881000-7fdb9d883000 r--s 00016000 ca:01 256882                     /usr/lib/jvm/java-8-openjdk-amd64/jre/lib/jce.jar
7fdb9d883000-7fdb9d888000 r--s 0009d000 ca:01 256862                     /usr/lib/jvm/java-8-openjdk-amd64/jre/lib/jsse.jar
7fdb9d888000-7fdb9d889000 r-xp 00000000 ca:01 256908                     /usr/lib/jvm/java-8-openjdk-amd64/jre/lib/amd64/libjaas_unix.so
7fdb9d889000-7fdb9da88000 ---p 00001000 ca:01 256908                     /usr/lib/jvm/java-8-openjdk-amd64/jre/lib/amd64/libjaas_unix.so
7fdb9da88000-7fdb9da89000 r--p 00000000 ca:01 256908                     /usr/lib/jvm/java-8-openjdk-amd64/jre/lib/amd64/libjaas_unix.so
7fdb9da89000-7fdb9da8a000 rw-p 00001000 ca:01 256908                     /usr/lib/jvm/java-8-openjdk-amd64/jre/lib/amd64/libjaas_unix.so
7fdb9da8a000-7fdb9da8d000 ---p 00000000 00:00 0 
7fdb9da8d000-7fdb9db8b000 rw-p 00000000 00:00 0 
7fdb9db8b000-7fdb9db8e000 ---p 00000000 00:00 0 
7fdb9db8e000-7fdb9ddc4000 rw-p 00000000 00:00 0 
7fdb9ddc4000-7fdb9dfc4000 rw-p 00000000 00:00 0 
7fdb9dfc4000-7fdb9dfcd000 r-xp 00000000 ca:01 256894                     /usr/lib/jvm/java-8-openjdk-amd64/jre/lib/amd64/libmanagement.so
7fdb9dfcd000-7fdb9e1cc000 ---p 00009000 ca:01 256894                     /usr/lib/jvm/java-8-openjdk-amd64/jre/lib/amd64/libmanagement.so
7fdb9e1cc000-7fdb9e1cd000 r--p 00008000 ca:01 256894                     /usr/lib/jvm/java-8-openjdk-amd64/jre/lib/amd64/libmanagement.so
7fdb9e1cd000-7fdb9e1ce000 rw-p 00009000 ca:01 256894                     /usr/lib/jvm/java-8-openjdk-amd64/jre/lib/amd64/libmanagement.so
7fdb9e1ce000-7fdb9e1d1000 ---p 00000000 00:00 0 
7fdb9e1d1000-7fdb9e2cf000 rw-p 00000000 00:00 0 
7fdb9e2cf000-7fdb9e2d2000 ---p 00000000 00:00 0 
7fdb9e2d2000-7fdb9e3d0000 rw-p 00000000 00:00 0 
7fdb9e3d0000-7fdb9e3d3000 ---p 00000000 00:00 0 
7fdb9e3d3000-7fdb9e6d1000 rw-p 00000000 00:00 0 
7fdb9e6d1000-7fdb9e6e8000 r-xp 00000000 ca:01 256888                     /usr/lib/jvm/java-8-openjdk-amd64/jre/lib/amd64/libnet.so
7fdb9e6e8000-7fdb9e8e7000 ---p 00017000 ca:01 256888                     /usr/lib/jvm/java-8-openjdk-amd64/jre/lib/amd64/libnet.so
7fdb9e8e7000-7fdb9e8e8000 r--p 00016000 ca:01 256888                     /usr/lib/jvm/java-8-openjdk-amd64/jre/lib/amd64/libnet.so
7fdb9e8e8000-7fdb9e8e9000 rw-p 00017000 ca:01 256888                     /usr/lib/jvm/java-8-openjdk-amd64/jre/lib/amd64/libnet.so
7fdb9e8e9000-7fdb9e8ec000 r--s 00015000 ca:01 261533                     /home/ubuntu/spark-2.1.1-bin-hadoop2.7/jars/javax.servlet-api-3.1.0.jar
7fdb9e8ec000-7fdb9e918000 r--s 001c9000 ca:01 261798                     /home/ubuntu/spark-2.1.1-bin-hadoop2.7/jars/shapeless_2.11-2.0.0.jar
7fdb9e918000-7fdb9e923000 r--s 000b0000 ca:01 261731                     /home/ubuntu/spark-2.1.1-bin-hadoop2.7/jars/jtransforms-2.4.0.jar
7fdb9e923000-7fdb9e929000 r--s 00043000 ca:01 261858                     /home/ubuntu/spark-2.1.1-bin-hadoop2.7/jars/commons-configuration-1.6.jar
7fdb9e929000-7fdb9e92d000 r--s 00019000 ca:01 261784                     /home/ubuntu/spark-2.1.1-bin-hadoop2.7/jars/javax.ws.rs-api-2.0.1.jar
7fdb9e92d000-7fdb9e92f000 r--s 00009000 ca:01 261839                     /home/ubuntu/spark-2.1.1-bin-hadoop2.7/jars/commons-cli-1.2.jar
7fdb9e92f000-7fdb9e939000 r--s 00095000 ca:01 261728                     /home/ubuntu/spark-2.1.1-bin-hadoop2.7/jars/scala-xml_2.11-1.0.2.jar
7fdb9e939000-7fdb9e93e000 r--s 00031000 ca:01 261744                     /home/ubuntu/spark-2.1.1-bin-hadoop2.7/jars/parquet-hadoop-1.8.1.jar
7fdb9e93e000-7fdb9e942000 r--s 00020000 ca:01 261720                     /home/ubuntu/spark-2.1.1-bin-hadoop2.7/jars/commons-digester-1.8.jar
7fdb9e942000-7fdb9e944000 r--s 00027000 ca:01 261790                     /home/ubuntu/spark-2.1.1-bin-hadoop2.7/jars/core-1.1.2.jar
7fdb9e944000-7fdb9e95b000 r--s 00183000 ca:01 261753                     /home/ubuntu/spark-2.1.1-bin-hadoop2.7/jars/hadoop-yarn-common-2.7.3.jar
7fdb9e95b000-7fdb9e95c000 r--s 00004000 ca:01 261711                     /home/ubuntu/spark-2.1.1-bin-hadoop2.7/jars/eigenbase-properties-1.1.5.jar
7fdb9e95c000-7fdb9e962000 r--s 00044000 ca:01 261763                     /home/ubuntu/spark-2.1.1-bin-hadoop2.7/jars/antlr4-runtime-4.5.3.jar
7fdb9e962000-7fdb9e964000 r--s 0000b000 ca:01 261840                     /home/ubuntu/spark-2.1.1-bin-hadoop2.7/jars/chill-java-0.8.0.jar
7fdb9e964000-7fdb9e96e000 r--s 00086000 ca:01 261718                     /home/ubuntu/spark-2.1.1-bin-hadoop2.7/jars/json4s-core_2.11-3.2.11.jar
7fdb9e96e000-7fdb9e97b000 r--s 000b1000 ca:01 261545                     /home/ubuntu/spark-2.1.1-bin-hadoop2.7/jars/hadoop-mapreduce-client-common-2.7.3.jar
7fdb9e97b000-7fdb9e9a9000 r--s 00212000 ca:01 261712                     /home/ubuntu/spark-2.1.1-bin-hadoop2.7/jars/spark-network-common_2.11-2.1.1.jar
7fdb9e9a9000-7fdb9ea34000 r--s 0069e000 ca:01 261713                     /home/ubuntu/spark-2.1.1-bin-hadoop2.7/jars/spark-catalyst_2.11-2.1.1.jar
7fdb9ea34000-7fdb9ea36000 r--s 0000f000 ca:01 261566                     /home/ubuntu/spark-2.1.1-bin-hadoop2.7/jars/activation-1.1.1.jar
7fdb9ea36000-7fdb9ea3a000 r--s 00031000 ca:01 261583                     /home/ubuntu/spark-2.1.1-bin-hadoop2.7/jars/jline-2.12.1.jar
7fdb9ea3a000-7fdb9ea40000 r--s 00028000 ca:01 261745                     /home/ubuntu/spark-2.1.1-bin-hadoop2.7/jars/curator-framework-2.6.0.jar
7fdb9ea40000-7fdb9ea42000 r--s 00009000 ca:01 261758                     /home/ubuntu/spark-2.1.1-bin-hadoop2.7/jars/jackson-module-paranamer-2.6.5.jar
7fdb9ea42000-7fdb9ea43000 r--s 00009000 ca:01 261845                     /home/ubuntu/spark-2.1.1-bin-hadoop2.7/jars/slf4j-api-1.7.16.jar
7fdb9ea43000-7fdb9ea45000 r--s 00012000 ca:01 261803                     /home/ubuntu/spark-2.1.1-bin-hadoop2.7/jars/api-util-1.0.0-M20.jar
7fdb9ea45000-7fdb9ea4d000 r--s 00066000 ca:01 261732                     /home/ubuntu/spark-2.1.1-bin-hadoop2.7/jars/apache-log4j-extras-1.2.17.jar
7fdb9ea4d000-7fdb9ea5b000 r--s 00078000 ca:01 261756                     /home/ubuntu/spark-2.1.1-bin-hadoop2.7/jars/spark-mesos_2.11-2.1.1.jar
7fdb9ea5b000-7fdb9ea63000 r--s 0006e000 ca:01 261765                     /home/ubuntu/spark-2.1.1-bin-hadoop2.7/jars/commons-lang3-3.5.jar
7fdb9ea63000-7fdb9ea79000 r--s 001a4000 ca:01 261613                     /home/ubuntu/spark-2.1.1-bin-hadoop2.7/jars/datanucleus-rdbms-3.2.9.jar
7fdb9ea79000-7fdb9ea8a000 r--s 0010d000 ca:01 261714                     /home/ubuntu/spark-2.1.1-bin-hadoop2.7/jars/jackson-databind-2.6.5.jar
7fdb9ea8a000-7fdb9eafe000 r--s 00574000 ca:01 261739                     /home/ubuntu/spark-2.1.1-bin-hadoop2.7/jars/spark-mllib_2.11-2.1.1.jar
7fdb9eafe000-7fdb9eb1f000 r--s 0019b000 ca:01 261796                     /home/ubuntu/spark-2.1.1-bin-hadoop2.7/jars/spark-hive-thriftserver_2.11-2.1.1.jar
7fdb9eb1f000-7fdb9eb24000 r--s 00041000 ca:01 261740                     /home/ubuntu/spark-2.1.1-bin-hadoop2.7/jars/commons-lang-2.6.jar
7fdb9eb24000-7fdb9eb26000 r--s 00020000 ca:01 261749                     /home/ubuntu/spark-2.1.1-bin-hadoop2.7/jars/hive-beeline-1.2.1.spark2.jar
7fdb9eb26000-7fdb9eb2d000 r--s 00049000 ca:01 261736                     /home/ubuntu/spark-2.1.1-bin-hadoop2.7/jars/httpcore-4.4.4.jar
7fdb9eb2d000-7fdb9eb2f000 r--s 00014000 ca:01 261717                     /home/ubuntu/spark-2.1.1-bin-hadoop2.7/jars/spire-macros_2.11-0.7.4.jar
7fdb9eb2f000-7fdb9eb30000 r--s 00001000 ca:01 261621                     /home/ubuntu/spark-2.1.1-bin-hadoop2.7/jars/pmml-schema-1.2.15.jar
7fdb9eb30000-7fdb9eb31000 r--s 00004000 ca:01 261710                     /home/ubuntu/spark-2.1.1-bin-hadoop2.7/jars/jackson-jaxrs-1.9.13.jar
7fdb9eb31000-7fdb9eb33000 r--s 00004000 ca:01 261587                     /home/ubuntu/spark-2.1.1-bin-hadoop2.7/jars/stax-api-1.0-2.jar
7fdb9eb33000-7fdb9eb34000 r--s 00009000 ca:01 261830                     /home/ubuntu/spark-2.1.1-bin-hadoop2.7/jars/hive-cli-1.2.1.spark2.jar
7fdb9eb34000-7fdb9eb36000 r--s 0000a000 ca:01 261612                     /home/ubuntu/spark-2.1.1-bin-hadoop2.7/jars/spark-unsafe_2.11-2.1.1.jar
7fdb9eb36000-7fdb9eb5a000 r--s 001cd000 ca:01 261855                     /home/ubuntu/spark-2.1.1-bin-hadoop2.7/jars/commons-math3-3.4.1.jar
7fdb9eb5a000-7fdb9eb5e000 r--s 0002a000 ca:01 261747                     /home/ubuntu/spark-2.1.1-bin-hadoop2.7/jars/commons-io-2.4.jar
7fdb9eb5e000-7fdb9eb66000 r--s 00059000 ca:01 261611                     /home/ubuntu/spark-2.1.1-bin-hadoop2.7/jars/javolution-5.5.1.jar
7fdb9eb66000-7fdb9eb67000 r--s 00003000 ca:01 261568                     /home/ubuntu/spark-2.1.1-bin-hadoop2.7/jars/jta-1.1.jar
7fdb9eb67000-7fdb9eb6a000 r--s 00009000 ca:01 261751                     /home/ubuntu/spark-2.1.1-bin-hadoop2.7/jars/jackson-annotations-2.6.5.jar
7fdb9eb6a000-7fdb9eb85000 r--s 001d8000 ca:01 261572                     /home/ubuntu/spark-2.1.1-bin-hadoop2.7/jars/jets3t-0.9.3.jar
7fdb9eb85000-7fdb9eb8a000 r--s 0002a000 ca:01 261576                     /home/ubuntu/spark-2.1.1-bin-hadoop2.7/jars/commons-beanutils-1.7.0.jar
7fdb9eb8a000-7fdb9eb8c000 r--s 00006000 ca:01 261588                     /home/ubuntu/spark-2.1.1-bin-hadoop2.7/jars/paranamer-2.3.jar
7fdb9eb8c000-7fdb9eb90000 r--s 0002c000 ca:01 261748                     /home/ubuntu/spark-2.1.1-bin-hadoop2.7/jars/avro-ipc-1.7.7.jar
7fdb9eb90000-7fdb9eb91000 r--s 00003000 ca:01 261594                     /home/ubuntu/spark-2.1.1-bin-hadoop2.7/jars/xmlenc-0.52.jar
7fdb9eb91000-7fdb9ebae000 r--s 001d5000 ca:01 261860                     /home/ubuntu/spark-2.1.1-bin-hadoop2.7/jars/hadoop-yarn-api-2.7.3.jar
7fdb9ebae000-7fdb9ebaf000 r--s 00004000 ca:01 261716                     /home/ubuntu/spark-2.1.1-bin-hadoop2.7/jars/opencsv-2.3.jar
7fdb9ebaf000-7fdb9ebb3000 r--s 00014000 ca:01 261856                     /home/ubuntu/spark-2.1.1-bin-hadoop2.7/jars/xz-1.0.jar
7fdb9ebb3000-7fdb9ebb6000 r--s 000fd000 ca:01 261604                     /home/ubuntu/spark-2.1.1-bin-hadoop2.7/jars/leveldbjni-all-1.8.jar
7fdb9ebb6000-7fdb9ebbc000 r--s 00063000 ca:01 261849                     /home/ubuntu/spark-2.1.1-bin-hadoop2.7/jars/jodd-core-3.5.2.jar
7fdb9ebbc000-7fdb9ebc0000 r--s 00030000 ca:01 261532                     /home/ubuntu/spark-2.1.1-bin-hadoop2.7/jars/commons-net-2.2.jar
7fdb9ebc0000-7fdb9ebc4000 r--s 00028000 ca:01 261608                     /home/ubuntu/spark-2.1.1-bin-hadoop2.7/jars/spark-mllib-local_2.11-2.1.1.jar
7fdb9ebc4000-7fdb9ebcb000 r--s 0007d000 ca:01 261722                     /home/ubuntu/spark-2.1.1-bin-hadoop2.7/jars/jetty-6.1.26.jar
7fdb9ebcb000-7fdb9ebce000 r--s 0002f000 ca:01 261546                     /home/ubuntu/spark-2.1.1-bin-hadoop2.7/jars/RoaringBitmap-0.5.11.jar
7fdb9ebce000-7fdb9ebcf000 r--s 00004000 ca:01 261866                     /home/ubuntu/spark-2.1.1-bin-hadoop2.7/jars/osgi-resource-locator-1.0.1.jar
7fdb9ebcf000-7fdb9ebd3000 r--s 00028000 ca:01 261573                     /home/ubuntu/spark-2.1.1-bin-hadoop2.7/jars/jetty-util-6.1.26.jar
7fdb9ebd3000-7fdb9ebd6000 r--s 00006000 ca:01 261721                     /home/ubuntu/spark-2.1.1-bin-hadoop2.7/jars/jsr305-1.3.9.jar
7fdb9ebd6000-7fdb9ebdd000 r--s 0005d000 ca:01 261793                     /home/ubuntu/spark-2.1.1-bin-hadoop2.7/jars/mx4j-3.0.2.jar
7fdb9ebdd000-7fdb9ebdf000 r--s 0000e000 ca:01 261821                     /home/ubuntu/spark-2.1.1-bin-hadoop2.7/jars/guice-servlet-3.0.jar
7fdb9ebdf000-7fdb9ebe7000 r--s 0007b000 ca:01 261737                     /home/ubuntu/spark-2.1.1-bin-hadoop2.7/jars/protobuf-java-2.5.0.jar
7fdb9ebe7000-7fdb9ebf0000 r--s 00062000 ca:01 261580                     /home/ubuntu/spark-2.1.1-bin-hadoop2.7/jars/avro-1.7.7.jar
7fdb9ebf0000-7fdb9ebf2000 r--s 00003000 ca:01 261733                     /home/ubuntu/spark-2.1.1-bin-hadoop2.7/jars/jcl-over-slf4j-1.7.16.jar
7fdb9ebf2000-7fdb9ecc2000 r--s 00cf0000 ca:01 261540                     /home/ubuntu/spark-2.1.1-bin-hadoop2.7/jars/breeze_2.11-0.12.jar
7fdb9ecc2000-7fdb9ecc3000 r--s 00002000 ca:01 261619                     /home/ubuntu/spark-2.1.1-bin-hadoop2.7/jars/slf4j-log4j12-1.7.16.jar
7fdb9ecc3000-7fdb9ecc5000 r--s 00006000 ca:01 261578                     /home/ubuntu/spark-2.1.1-bin-hadoop2.7/jars/spark-sketch_2.11-2.1.1.jar
7fdb9ecc5000-7fdb9ecca000 r--s 00068000 ca:01 261791                     /home/ubuntu/spark-2.1.1-bin-hadoop2.7/jars/antlr-2.7.7.jar
7fdb9ecca000-7fdb9eccc000 r--s 00000000 ca:01 261759                     /home/ubuntu/spark-2.1.1-bin-hadoop2.7/jars/aopalliance-1.0.jar
7fdb9eccc000-7fdb9ecce000 r--s 00012000 ca:01 261730                     /home/ubuntu/spark-2.1.1-bin-hadoop2.7/jars/compress-lzf-1.0.3.jar
7fdb9ecce000-7fdb9ecdb000 r--s 0009e000 ca:01 261822                     /home/ubuntu/spark-2.1.1-bin-hadoop2.7/jars/spark-graphx_2.11-2.1.1.jar
7fdb9ecdb000-7fdb9ece0000 r--s 00028000 ca:01 261841                     /home/ubuntu/spark-2.1.1-bin-hadoop2.7/jars/avro-mapred-1.7.7-hadoop2.jar
7fdb9ece0000-7fdb9ecf6000 r--s 00124000 ca:01 261833                     /home/ubuntu/spark-2.1.1-bin-hadoop2.7/jars/ivy-2.4.0.jar
7fdb9ecf6000-7fdb9ecfe000 r--s 00078000 ca:01 261805                     /home/ubuntu/spark-2.1.1-bin-hadoop2.7/jars/mail-1.4.7.jar
7fdb9ecfe000-7fdb9ed03000 r--s 0004e000 ca:01 261582                     /home/ubuntu/spark-2.1.1-bin-hadoop2.7/jars/datanucleus-api-jdo-3.2.6.jar
7fdb9ed03000-7fdb9eddb000 r--s 00a88000 ca:01 261543                     /home/ubuntu/spark-2.1.1-bin-hadoop2.7/jars/spark-core_2.11-2.1.1.jar
7fdb9eddb000-7fdb9edf3000 r--s 001b6000 ca:01 261569                     /home/ubuntu/spark-2.1.1-bin-hadoop2.7/jars/datanucleus-core-3.2.10.jar
7fdb9edf3000-7fdb9ee07000 r--s 000ec000 ca:01 261539                     /home/ubuntu/spark-2.1.1-bin-hadoop2.7/jars/parquet-jackson-1.8.1.jar
7fdb9ee07000-7fdb9ee09000 r--s 0000e000 ca:01 261785                     /home/ubuntu/spark-2.1.1-bin-hadoop2.7/jars/hadoop-mapreduce-client-jobclient-2.7.3.jar
7fdb9ee09000-7fdb9ee0b000 r--s 0000e000 ca:01 261536                     /home/ubuntu/spark-2.1.1-bin-hadoop2.7/jars/oro-2.0.8.jar
7fdb9ee0b000-7fdb9ee0d000 r--s 00003000 ca:01 261826                     /home/ubuntu/spark-2.1.1-bin-hadoop2.7/jars/JavaEWAH-0.3.2.jar
7fdb9ee0d000-7fdb9ee0f000 r--s 0000f000 ca:01 261757                     /home/ubuntu/spark-2.1.1-bin-hadoop2.7/jars/spark-launcher_2.11-2.1.1.jar
7fdb9ee0f000-7fdb9ee31000 r--s 00335000 ca:01 261750                     /home/ubuntu/spark-2.1.1-bin-hadoop2.7/jars/mesos-1.0.0-shaded-protobuf.jar
7fdb9ee31000-7fdb9ee32000 r--s 00001000 ca:01 261610                     /home/ubuntu/spark-2.1.1-bin-hadoop2.7/jars/minlog-1.3.0.jar
7fdb9ee32000-7fdb9ee35000 r--s 0001a000 ca:01 261834                     /home/ubuntu/spark-2.1.1-bin-hadoop2.7/jars/py4j-0.10.4.jar
7fdb9ee35000-7fdb9ee36000 r--s 00009000 ca:01 261601                     /home/ubuntu/spark-2.1.1-bin-hadoop2.7/jars/json4s-jackson_2.11-3.2.11.jar
7fdb9ee36000-7fdb9ee38000 r--s 0000d000 ca:01 261725                     /home/ubuntu/spark-2.1.1-bin-hadoop2.7/jars/hadoop-yarn-server-web-proxy-2.7.3.jar
7fdb9ee38000-7fdb9ee9b000 r--s 004de000 ca:01 261719                     /home/ubuntu/spark-2.1.1-bin-hadoop2.7/jars/hive-metastore-1.2.1.spark2.jar
7fdb9ee9b000-7fdb9eea2000 r--s 00039000 ca:01 261727                     /home/ubuntu/spark-2.1.1-bin-hadoop2.7/jars/calcite-avatica-1.2.0-incubating.jar
7fdb9eea2000-7fdb9eea9000 r--s 0003f000 ca:01 261603                     /home/ubuntu/spark-2.1.1-bin-hadoop2.7/jars/commons-codec-1.10.jar
7fdb9eea9000-7fdb9eeab000 r--s 00100000 ca:01 261842                     /home/ubuntu/spark-2.1.1-bin-hadoop2.7/jars/snappy-java-1.1.2.6.jar
7fdb9eeab000-7fdb9eeaf000 r--s 00029000 ca:01 261591                     /home/ubuntu/spark-2.1.1-bin-hadoop2.7/jars/hk2-locator-2.4.0-b34.jar
7fdb9eeaf000-7fdb9eeb2000 r--s 0000d000 ca:01 261742                     /home/ubuntu/spark-2.1.1-bin-hadoop2.7/jars/spark-network-shuffle_2.11-2.1.1.jar
7fdb9eeb2000-7fdb9eeb3000 r--s 00006000 ca:01 261788                     /home/ubuntu/spark-2.1.1-bin-hadoop2.7/jars/jackson-xc-1.9.13.jar
7fdb9eeb3000-7fdb9eec9000 r--s 000d1000 ca:01 261585                     /home/ubuntu/spark-2.1.1-bin-hadoop2.7/jars/parquet-column-1.8.1.jar
7fdb9eec9000-7fdb9eeee000 rw-p 00000000 00:00 0 
7fdb9eeee000-7fdb9effa000 r--s 00dba000 ca:01 261859                     /home/ubuntu/spark-2.1.1-bin-hadoop2.7/jars/scala-compiler-2.11.8.jar
7fdb9effa000-7fdb9effb000 r--s 00002000 ca:01 261764                     /home/ubuntu/spark-2.1.1-bin-hadoop2.7/jars/jpam-1.1.jar
7fdb9effb000-7fdb9f00a000 r--s 0009f000 ca:01 261734                     /home/ubuntu/spark-2.1.1-bin-hadoop2.7/jars/guice-3.0.jar
7fdb9f00a000-7fdb9f023000 r--s 00150000 ca:01 261626                     /home/ubuntu/spark-2.1.1-bin-hadoop2.7/jars/htrace-core-3.1.0-incubating.jar
7fdb9f023000-7fdb9f039000 r--s 000d3000 ca:01 261625                     /home/ubuntu/spark-2.1.1-bin-hadoop2.7/jars/jersey-server-2.22.2.jar
7fdb9f039000-7fdb9f03b000 r--s 00008000 ca:01 261581                     /home/ubuntu/spark-2.1.1-bin-hadoop2.7/jars/parquet-common-1.8.1.jar
7fdb9f03b000-7fdb9f03d000 r--s 00002000 ca:01 261606                     /home/ubuntu/spark-2.1.1-bin-hadoop2.7/jars/aopalliance-repackaged-2.4.0-b34.jar
7fdb9f03d000-7fdb9f041000 r--s 0003c000 ca:01 261854                     /home/ubuntu/spark-2.1.1-bin-hadoop2.7/jars/jackson-core-2.6.5.jar
7fdb9f041000-7fdb9f04c000 r--s 00062000 ca:01 261729                     /home/ubuntu/spark-2.1.1-bin-hadoop2.7/jars/calcite-linq4j-1.2.0-incubating.jar
7fdb9f04c000-7fdb9f082000 r--s 0031c000 ca:01 261565                     /home/ubuntu/spark-2.1.1-bin-hadoop2.7/jars/hadoop-common-2.7.3.jar
7fdb9f082000-7fdb9f086000 r--s 0001a000 ca:01 261579                     /home/ubuntu/spark-2.1.1-bin-hadoop2.7/jars/hk2-utils-2.4.0-b34.jar
7fdb9f086000-7fdb9f092000 r--s 000b6000 ca:01 261831                     /home/ubuntu/spark-2.1.1-bin-hadoop2.7/jars/zookeeper-3.4.6.jar
7fdb9f092000-7fdb9f098000 r--s 00040000 ca:01 261709                     /home/ubuntu/spark-2.1.1-bin-hadoop2.7/jars/parquet-encoding-1.8.1.jar
7fdb9f098000-7fdb9f09d000 r--s 00036000 ca:01 261574                     /home/ubuntu/spark-2.1.1-bin-hadoop2.7/jars/commons-compress-1.4.1.jar
7fdb9f09d000-7fdb9f0ca000 r--s 001d4000 ca:01 261863                     /home/ubuntu/spark-2.1.1-bin-hadoop2.7/jars/spark-streaming_2.11-2.1.1.jar
7fdb9f0ca000-7fdb9f0cd000 r--s 00022000 ca:01 261806                     /home/ubuntu/spark-2.1.1-bin-hadoop2.7/jars/stringtemplate-3.2.1.jar
7fdb9f0cd000-7fdb9f0d4000 r--s 00036000 ca:01 261624                     /home/ubuntu/spark-2.1.1-bin-hadoop2.7/jars/curator-recipes-2.6.0.jar
7fdb9f0d4000-7fdb9f0d8000 r--s 00029000 ca:01 261548                     /home/ubuntu/spark-2.1.1-bin-hadoop2.7/jars/breeze-macros_2.11-0.12.jar
7fdb9f0d8000-7fdb9f0dc000 r--s 00036000 ca:01 261851                     /home/ubuntu/spark-2.1.1-bin-hadoop2.7/jars/ST4-4.0.4.jar
7fdb9f0dc000-7fdb9f0e0000 r--s 00018000 ca:01 261584                     /home/ubuntu/spark-2.1.1-bin-hadoop2.7/jars/metrics-core-3.1.2.jar
7fdb9f0e0000-7fdb9f0ee000 r--s 000b1000 ca:01 261754                     /home/ubuntu/spark-2.1.1-bin-hadoop2.7/jars/jackson-mapper-asl-1.9.13.jar
7fdb9f0ee000-7fdb9f0fe000 r--s 000a0000 ca:01 261599                     /home/ubuntu/spark-2.1.1-bin-hadoop2.7/jars/spark-yarn_2.11-2.1.1.jar
7fdb9f0fe000-7fdb9f0ff000 r--s 00003000 ca:01 261590                     /home/ubuntu/spark-2.1.1-bin-hadoop2.7/jars/spark-tags_2.11-2.1.1.jar
7fdb9f0ff000-7fdb9f111000 r--s 00097000 ca:01 261804                     /home/ubuntu/spark-2.1.1-bin-hadoop2.7/jars/apacheds-kerberos-codec-2.0.0-M15.jar
7fdb9f111000-7fdb9f114000 r--s 00017000 ca:01 261800                     /home/ubuntu/spark-2.1.1-bin-hadoop2.7/jars/jaxb-api-2.2.2.jar
7fdb9f114000-7fdb9f116000 r--s 00009000 ca:01 261848                     /home/ubuntu/spark-2.1.1-bin-hadoop2.7/jars/objenesis-2.1.jar
7fdb9f116000-7fdb9f181000 r--s 00784000 ca:01 261535                     /home/ubuntu/spark-2.1.1-bin-hadoop2.7/jars/hadoop-hdfs-2.7.3.jar
7fdb9f181000-7fdb9f183000 r--s 00010000 ca:01 261752                     /home/ubuntu/spark-2.1.1-bin-hadoop2.7/jars/jersey-media-jaxb-2.22.2.jar
7fdb9f183000-7fdb9f190000 r--s 00083000 ca:01 261598                     /home/ubuntu/spark-2.1.1-bin-hadoop2.7/jars/commons-collections-3.2.2.jar
7fdb9f190000-7fdb9f197000 r--s 00051000 ca:01 261542                     /home/ubuntu/spark-2.1.1-bin-hadoop2.7/jars/kryo-shaded-3.0.3.jar
7fdb9f197000-7fdb9f1ce000 r--s 00325000 ca:01 261802                     /home/ubuntu/spark-2.1.1-bin-hadoop2.7/jars/calcite-core-1.2.0-incubating.jar
7fdb9f1ce000-7fdb9f1d1000 r--s 00012000 ca:01 261602                     /home/ubuntu/spark-2.1.1-bin-hadoop2.7/jars/json4s-ast_2.11-3.2.11.jar
7fdb9f1d1000-7fdb9f1d3000 r--s 0000e000 ca:01 261794                     /home/ubuntu/spark-2.1.1-bin-hadoop2.7/jars/commons-logging-1.1.3.jar
7fdb9f1d3000-7fdb9f27c000 r--s 00a4f000 ca:01 261801                     /home/ubuntu/spark-2.1.1-bin-hadoop2.7/jars/hive-exec-1.2.1.spark2.jar
7fdb9f27c000-7fdb9f27d000 r--s 0000b000 ca:01 261631                     /home/ubuntu/spark-2.1.1-bin-hadoop2.7/jars/snappy-0.2.jar
7fdb9f27d000-7fdb9f280000 r--s 00028000 ca:01 261541                     /home/ubuntu/spark-2.1.1-bin-hadoop2.7/jars/stream-2.7.0.jar
7fdb9f280000-7fdb9f2b4000 r--s 00277000 ca:01 261592                     /home/ubuntu/spark-2.1.1-bin-hadoop2.7/jars/parquet-hadoop-bundle-1.6.0.jar
7fdb9f2b4000-7fdb9f2b8000 r--s 0000c000 ca:01 261617                     /home/ubuntu/spark-2.1.1-bin-hadoop2.7/jars/validation-api-1.1.0.Final.jar
7fdb9f2b8000-7fdb9f2e1000 r--s 001ee000 ca:01 261862                     /home/ubuntu/spark-2.1.1-bin-hadoop2.7/jars/guava-14.0.1.jar
7fdb9f2e1000-7fdb9f2ee000 r--s 00071000 ca:01 261832                     /home/ubuntu/spark-2.1.1-bin-hadoop2.7/jars/jackson-module-scala_2.11-2.6.5.jar
7fdb9f2ee000-7fdb9f307000 r--s 00114000 ca:01 261577                     /home/ubuntu/spark-2.1.1-bin-hadoop2.7/jars/spark-hive_2.11-2.1.1.jar
7fdb9f307000-7fdb9f31f000 r--s 00115000 ca:01 261824                     /home/ubuntu/spark-2.1.1-bin-hadoop2.7/jars/netty-3.8.0.Final.jar
7fdb9f31f000-7fdb9f378000 r--s 00522000 ca:01 261865                     /home/ubuntu/spark-2.1.1-bin-hadoop2.7/jars/scala-library-2.11.8.jar
7fdb9f378000-7fdb9f37f000 r--s 00049000 ca:01 261852                     /home/ubuntu/spark-2.1.1-bin-hadoop2.7/jars/univocity-parsers-2.2.1.jar
7fdb9f37f000-7fdb9f3cb000 r--s 00411000 ca:01 261857                     /home/ubuntu/spark-2.1.1-bin-hadoop2.7/jars/scala-reflect-2.11.8.jar
7fdb9f3cb000-7fdb9f3d9000 r--s 0009d000 ca:01 261614                     /home/ubuntu/spark-2.1.1-bin-hadoop2.7/jars/jersey-common-2.22.2.jar
7fdb9f3d9000-7fdb9f3e3000 r--s 000aa000 ca:01 261762                     /home/ubuntu/spark-2.1.1-bin-hadoop2.7/jars/janino-3.0.0.jar
7fdb9f3e3000-7fdb9f3e4000 r--s 00008000 ca:01 261844                     /home/ubuntu/spark-2.1.1-bin-hadoop2.7/jars/commons-compiler-3.0.0.jar
7fdb9f3e4000-7fdb9f3ed000 r--s 00097000 ca:01 261837                     /home/ubuntu/spark-2.1.1-bin-hadoop2.7/jars/pmml-model-1.2.15.jar
7fdb9f3ed000-7fdb9f3ef000 r--s 00005000 ca:01 261741                     /home/ubuntu/spark-2.1.1-bin-hadoop2.7/jars/stax-api-1.0.1.jar
7fdb9f3ef000-7fdb9f3f3000 r--s 00035000 ca:01 261597                     /home/ubuntu/spark-2.1.1-bin-hadoop2.7/jars/jackson-core-asl-1.9.13.jar
7fdb9f3f3000-7fdb9f3f6000 r--s 00019000 ca:01 261530                     /home/ubuntu/spark-2.1.1-bin-hadoop2.7/jars/bonecp-0.8.0.RELEASE.jar
7fdb9f3f6000-7fdb9f3f8000 r--s 00038000 ca:01 261789                     /home/ubuntu/spark-2.1.1-bin-hadoop2.7/jars/lz4-1.3.0.jar
7fdb9f3f8000-7fdb9f411000 r--s 00164000 ca:01 261738                     /home/ubuntu/spark-2.1.1-bin-hadoop2.7/jars/hadoop-mapreduce-client-core-2.7.3.jar
7fdb9f411000-7fdb9f414000 r--s 00026000 ca:01 261792                     /home/ubuntu/spark-2.1.1-bin-hadoop2.7/jars/hadoop-yarn-client-2.7.3.jar
7fdb9f414000-7fdb9f416000 r--s 00017000 ca:01 261607                     /home/ubuntu/spark-2.1.1-bin-hadoop2.7/jars/hive-jdbc-1.2.1.spark2.jar
7fdb9f416000-7fdb9f497000 r--s 005d9000 ca:01 261746                     /home/ubuntu/spark-2.1.1-bin-hadoop2.7/jars/spark-sql_2.11-2.1.1.jar
7fdb9f497000-7fdb9f498000 r--s 00006000 ca:01 261755                     /home/ubuntu/spark-2.1.1-bin-hadoop2.7/jars/hadoop-client-2.7.3.jar
7fdb9f498000-7fdb9f49f000 r--s 00058000 ca:01 261609                     /home/ubuntu/spark-2.1.1-bin-hadoop2.7/jars/hadoop-yarn-server-common-2.7.3.jar
7fdb9f49f000-7fdb9f4a0000 r--s 0000a000 ca:01 261616                     /home/ubuntu/spark-2.1.1-bin-hadoop2.7/jars/apacheds-i18n-2.0.0-M15.jar
7fdb9f4a0000-7fdb9f4a1000 r--s 00000000 ca:01 261600                     /home/ubuntu/spark-2.1.1-bin-hadoop2.7/jars/javax.inject-1.jar
7fdb9f4a1000-7fdb9f4a7000 r--s 00045000 ca:01 261605                     /home/ubuntu/spark-2.1.1-bin-hadoop2.7/jars/commons-httpclient-3.1.jar
7fdb9f4a7000-7fdb9f4b4000 r--s 000a7000 ca:01 261627                     /home/ubuntu/spark-2.1.1-bin-hadoop2.7/jars/httpclient-4.5.2.jar
7fdb9f4b4000-7fdb9f4b6000 r--s 0001f000 ca:01 261825                     /home/ubuntu/spark-2.1.1-bin-hadoop2.7/jars/commons-crypto-1.0.0.jar
7fdb9f4b6000-7fdb9f4bb000 r--s 0002a000 ca:01 261735                     /home/ubuntu/spark-2.1.1-bin-hadoop2.7/jars/gson-2.2.4.jar
7fdb9f4bb000-7fdb9f4fb000 r--s 00277000 ca:01 261767                     /home/ubuntu/spark-2.1.1-bin-hadoop2.7/jars/bcprov-jdk15on-1.51.jar
7fdb9f4fb000-7fdb9f4fe000 r--s 00016000 ca:01 261593                     /home/ubuntu/spark-2.1.1-bin-hadoop2.7/jars/jsp-api-2.1.jar
7fdb9f4fe000-7fdb9f4ff000 r--s 00001000 ca:01 261838                     /home/ubuntu/spark-2.1.1-bin-hadoop2.7/jars/javax.inject-2.4.0-b34.jar
7fdb9f4ff000-7fdb9f500000 r--s 00002000 ca:01 261586                     /home/ubuntu/spark-2.1.1-bin-hadoop2.7/jars/java-xmlbuilder-1.0.jar
7fdb9f500000-7fdb9f502000 r--s 00015000 ca:01 261547                     /home/ubuntu/spark-2.1.1-bin-hadoop2.7/jars/hadoop-auth-2.7.3.jar
7fdb9f502000-7fdb9f506000 r--s 0002f000 ca:01 261795                     /home/ubuntu/spark-2.1.1-bin-hadoop2.7/jars/commons-beanutils-core-1.8.0.jar
7fdb9f506000-7fdb9f535000 r--s 002e5000 ca:01 261846                     /home/ubuntu/spark-2.1.1-bin-hadoop2.7/jars/derby-10.12.1.1.jar
7fdb9f535000-7fdb9f537000 r--s 00008000 ca:01 261544                     /home/ubuntu/spark-2.1.1-bin-hadoop2.7/jars/metrics-jvm-3.1.2.jar
7fdb9f537000-7fdb9f53a000 r--s 00015000 ca:01 261723                     /home/ubuntu/spark-2.1.1-bin-hadoop2.7/jars/pyrolite-4.13.jar
7fdb9f53a000-7fdb9f53c000 r--s 0000e000 ca:01 261760                     /home/ubuntu/spark-2.1.1-bin-hadoop2.7/jars/spark-repl_2.11-2.1.1.jar
7fdb9f53c000-7fdb9f545000 r--s 0006f000 ca:01 261724                     /home/ubuntu/spark-2.1.1-bin-hadoop2.7/jars/log4j-1.2.17.jar
7fdb9f545000-7fdb9f549000 r--s 00025000 ca:01 261850                     /home/ubuntu/spark-2.1.1-bin-hadoop2.7/jars/jersey-client-2.22.2.jar
7fdb9f549000-7fdb9f550000 r--s 00058000 ca:01 261589                     /home/ubuntu/spark-2.1.1-bin-hadoop2.7/jars/parquet-format-2.3.0-incubating.jar
7fdb9f550000-7fdb9f552000 r--s 00003000 ca:01 261615                     /home/ubuntu/spark-2.1.1-bin-hadoop2.7/jars/api-asn1-api-1.0.0-M20.jar
7fdb9f552000-7fdb9f55c000 r--s 0007b000 ca:01 261847                     /home/ubuntu/spark-2.1.1-bin-hadoop2.7/jars/hadoop-mapreduce-client-app-2.7.3.jar
7fdb9f55c000-7fdb9f55f000 r--s 0000e000 ca:01 261575                     /home/ubuntu/spark-2.1.1-bin-hadoop2.7/jars/jersey-container-servlet-core-2.22.2.jar
7fdb9f55f000-7fdb9f563000 r--s 00025000 ca:01 261538                     /home/ubuntu/spark-2.1.1-bin-hadoop2.7/jars/antlr-runtime-3.4.jar
7fdb9f563000-7fdb9f574000 r--s 00089000 ca:01 261623                     /home/ubuntu/spark-2.1.1-bin-hadoop2.7/jars/joda-time-2.9.3.jar
7fdb9f574000-7fdb9f576000 r--s 00005000 ca:01 261743                     /home/ubuntu/spark-2.1.1-bin-hadoop2.7/jars/javax.annotation-api-1.2.jar
7fdb9f576000-7fdb9f57b000 r--s 00032000 ca:01 261864                     /home/ubuntu/spark-2.1.1-bin-hadoop2.7/jars/chill_2.11-0.8.0.jar
7fdb9f57b000-7fdb9f586000 r--s 0005d000 ca:01 261853                     /home/ubuntu/spark-2.1.1-bin-hadoop2.7/jars/scala-parser-combinators_2.11-1.0.4.jar
7fdb9f586000-7fdb9f598000 r--s 00112000 ca:01 261835                     /home/ubuntu/spark-2.1.1-bin-hadoop2.7/jars/arpack_combined_all-0.1.jar
7fdb9f598000-7fdb9f5b0000 r--s 000d6000 ca:01 261571                     /home/ubuntu/spark-2.1.1-bin-hadoop2.7/jars/jersey-guava-2.22.2.jar
7fdb9f5b0000-7fdb9f5b6000 r--s 0002c000 ca:01 261828                     /home/ubuntu/spark-2.1.1-bin-hadoop2.7/jars/jdo-api-3.0.1.jar
7fdb9f5b6000-7fdb9f5bd000 r--s 00046000 ca:01 261797                     /home/ubuntu/spark-2.1.1-bin-hadoop2.7/jars/libfb303-0.9.3.jar
7fdb9f5bd000-7fdb9f5bf000 r--s 00010000 ca:01 261622                     /home/ubuntu/spark-2.1.1-bin-hadoop2.7/jars/hadoop-mapreduce-client-shuffle-2.7.3.jar
7fdb9f5bf000-7fdb9f5c2000 r--s 00014000 ca:01 261761                     /home/ubuntu/spark-2.1.1-bin-hadoop2.7/jars/super-csv-2.2.0.jar
7fdb9f5c2000-7fdb9f5d4000 r--s 000b3000 ca:01 261829                     /home/ubuntu/spark-2.1.1-bin-hadoop2.7/jars/scalap-2.11.8.jar
7fdb9f5d4000-7fdb9f5de000 r--s 000a5000 ca:01 261766                     /home/ubuntu/spark-2.1.1-bin-hadoop2.7/jars/javassist-3.18.1-GA.jar
7fdb9f5de000-7fdb9f605000 r--s 0020f000 ca:01 261726                     /home/ubuntu/spark-2.1.1-bin-hadoop2.7/jars/netty-all-4.0.42.Final.jar
7fdb9f605000-7fdb9f65a000 r--s 0069c000 ca:01 261595                     /home/ubuntu/spark-2.1.1-bin-hadoop2.7/jars/spire_2.11-0.7.4.jar
7fdb9f65a000-7fdb9f65b000 ---p 00000000 00:00 0 
7fdb9f65b000-7fdb9f75b000 rw-p 00000000 00:00 0 
7fdb9f75b000-7fdb9f75e000 ---p 00000000 00:00 0 
7fdb9f75e000-7fdb9f85c000 rw-p 00000000 00:00 0 
7fdb9f85c000-7fdb9f85f000 ---p 00000000 00:00 0 
7fdb9f85f000-7fdb9f95d000 rw-p 00000000 00:00 0 
7fdb9f95d000-7fdb9f960000 ---p 00000000 00:00 0 
7fdb9f960000-7fdb9fa5e000 rw-p 00000000 00:00 0 
7fdb9fa5e000-7fdb9fa61000 ---p 00000000 00:00 0 
7fdb9fa61000-7fdb9fb5f000 rw-p 00000000 00:00 0 
7fdb9fb5f000-7fdb9fcf7000 r--p 00000000 ca:01 29052                      /usr/lib/locale/locale-archive
7fdb9fcf7000-7fdb9fcfa000 ---p 00000000 00:00 0 
7fdb9fcfa000-7fdb9fdf8000 rw-p 00000000 00:00 0 
7fdb9fdf8000-7fdb9fdfb000 ---p 00000000 00:00 0 
7fdb9fdfb000-7fdb9fef9000 rw-p 00000000 00:00 0 
7fdb9fef9000-7fdb9fefa000 ---p 00000000 00:00 0 
7fdb9fefa000-7fdb9fffa000 rw-p 00000000 00:00 0 
7fdb9fffa000-7fdba01c9000 r--s 03c32000 ca:01 256863                     /usr/lib/jvm/java-8-openjdk-amd64/jre/lib/rt.jar
7fdba01c9000-7fdba0a3f000 rw-p 00000000 00:00 0 
7fdba0a3f000-7fdba0a62000 rw-p 00000000 00:00 0 
7fdba0a62000-7fdba0ae9000 ---p 00000000 00:00 0 
7fdba0ae9000-7fdba0b2f000 rw-p 00000000 00:00 0 
7fdba0b2f000-7fdba0c3f000 ---p 00000000 00:00 0 
7fdba0c3f000-7fdba0d59000 rw-p 00000000 00:00 0 
7fdba0d59000-7fdba1000000 ---p 00000000 00:00 0 
7fdba1000000-7fdba5610000 rwxp 00000000 00:00 0 
7fdba5610000-7fdbb0000000 ---p 00000000 00:00 0 
7fdbb0000000-7fdbb1295000 rw-p 00000000 00:00 0 
7fdbb1295000-7fdbb4000000 ---p 00000000 00:00 0 
7fdbb4000000-7fdbb4002000 r--s 00000000 ca:01 261836                     /home/ubuntu/spark-2.1.1-bin-hadoop2.7/jars/jul-to-slf4j-1.7.16.jar
7fdbb4002000-7fdbb4004000 r--s 00003000 ca:01 261843                     /home/ubuntu/spark-2.1.1-bin-hadoop2.7/jars/base64-2.3.8.jar
7fdbb4004000-7fdbb4006000 r--s 00003000 ca:01 261570                     /home/ubuntu/spark-2.1.1-bin-hadoop2.7/jars/jersey-container-servlet-2.22.2.jar
7fdbb4006000-7fdbb4007000 r--s 00009000 ca:01 261534                     /home/ubuntu/spark-2.1.1-bin-hadoop2.7/jars/hadoop-annotations-2.7.3.jar
7fdbb4007000-7fdbb401f000 r--s 00115000 ca:01 261537                     /home/ubuntu/spark-2.1.1-bin-hadoop2.7/jars/xercesImpl-2.9.1.jar
7fdbb401f000-7fdbb4022000 r--s 00021000 ca:01 261596                     /home/ubuntu/spark-2.1.1-bin-hadoop2.7/jars/xbean-asm5-shaded-4.4.jar
7fdbb4022000-7fdbb4025000 r--s 00025000 ca:01 261618                     /home/ubuntu/spark-2.1.1-bin-hadoop2.7/jars/commons-dbcp-1.4.jar
7fdbb4025000-7fdbb4028000 r--s 00015000 ca:01 261620                     /home/ubuntu/spark-2.1.1-bin-hadoop2.7/jars/commons-pool-1.5.4.jar
7fdbb4028000-7fdbb402a000 r--s 00004000 ca:01 261787                     /home/ubuntu/spark-2.1.1-bin-hadoop2.7/jars/metrics-graphite-3.1.2.jar
7fdbb402a000-7fdbb402b000 r--s 00003000 ca:01 261827                     /home/ubuntu/spark-2.1.1-bin-hadoop2.7/jars/metrics-json-3.1.2.jar
7fdbb402b000-7fdbb4030000 r--s 00027000 ca:01 261861                     /home/ubuntu/spark-2.1.1-bin-hadoop2.7/jars/hk2-api-2.4.0-b34.jar
7fdbb4030000-7fdbb4036000 r--s 00034000 ca:01 261799                     /home/ubuntu/spark-2.1.1-bin-hadoop2.7/jars/libthrift-0.9.3.jar
7fdbb4036000-7fdbb4051000 r--s 001d6000 ca:01 256870                     /usr/lib/jvm/java-8-openjdk-amd64/jre/lib/ext/nashorn.jar
7fdbb4051000-7fdbb406c000 r--s 00394000 ca:01 256871                     /usr/lib/jvm/java-8-openjdk-amd64/jre/lib/ext/cldrdata.jar
7fdbb406c000-7fdbb40b1000 rw-p 00000000 00:00 0 
7fdbb40b1000-7fdbb41c2000 ---p 00000000 00:00 0 
7fdbb41c2000-7fdbb41ca000 r-xp 00000000 ca:01 256902                     /usr/lib/jvm/java-8-openjdk-amd64/jre/lib/amd64/libzip.so
7fdbb41ca000-7fdbb43c9000 ---p 00008000 ca:01 256902                     /usr/lib/jvm/java-8-openjdk-amd64/jre/lib/amd64/libzip.so
7fdbb43c9000-7fdbb43ca000 r--p 00007000 ca:01 256902                     /usr/lib/jvm/java-8-openjdk-amd64/jre/lib/amd64/libzip.so
7fdbb43ca000-7fdbb43cb000 rw-p 00008000 ca:01 256902                     /usr/lib/jvm/java-8-openjdk-amd64/jre/lib/amd64/libzip.so
7fdbb43cb000-7fdbb43d6000 r-xp 00000000 ca:01 1993                       /lib/x86_64-linux-gnu/libnss_files-2.23.so
7fdbb43d6000-7fdbb45d5000 ---p 0000b000 ca:01 1993                       /lib/x86_64-linux-gnu/libnss_files-2.23.so
7fdbb45d5000-7fdbb45d6000 r--p 0000a000 ca:01 1993                       /lib/x86_64-linux-gnu/libnss_files-2.23.so
7fdbb45d6000-7fdbb45d7000 rw-p 0000b000 ca:01 1993                       /lib/x86_64-linux-gnu/libnss_files-2.23.so
7fdbb45d7000-7fdbb45dd000 rw-p 00000000 00:00 0 
7fdbb45dd000-7fdbb45e8000 r-xp 00000000 ca:01 1997                       /lib/x86_64-linux-gnu/libnss_nis-2.23.so
7fdbb45e8000-7fdbb47e7000 ---p 0000b000 ca:01 1997                       /lib/x86_64-linux-gnu/libnss_nis-2.23.so
7fdbb47e7000-7fdbb47e8000 r--p 0000a000 ca:01 1997                       /lib/x86_64-linux-gnu/libnss_nis-2.23.so
7fdbb47e8000-7fdbb47e9000 rw-p 0000b000 ca:01 1997                       /lib/x86_64-linux-gnu/libnss_nis-2.23.so
7fdbb47e9000-7fdbb47ff000 r-xp 00000000 ca:01 1977                       /lib/x86_64-linux-gnu/libnsl-2.23.so
7fdbb47ff000-7fdbb49fe000 ---p 00016000 ca:01 1977                       /lib/x86_64-linux-gnu/libnsl-2.23.so
7fdbb49fe000-7fdbb49ff000 r--p 00015000 ca:01 1977                       /lib/x86_64-linux-gnu/libnsl-2.23.so
7fdbb49ff000-7fdbb4a00000 rw-p 00016000 ca:01 1977                       /lib/x86_64-linux-gnu/libnsl-2.23.so
7fdbb4a00000-7fdbb4a02000 rw-p 00000000 00:00 0 
7fdbb4a02000-7fdbb4a0a000 r-xp 00000000 ca:01 1988                       /lib/x86_64-linux-gnu/libnss_compat-2.23.so
7fdbb4a0a000-7fdbb4c09000 ---p 00008000 ca:01 1988                       /lib/x86_64-linux-gnu/libnss_compat-2.23.so
7fdbb4c09000-7fdbb4c0a000 r--p 00007000 ca:01 1988                       /lib/x86_64-linux-gnu/libnss_compat-2.23.so
7fdbb4c0a000-7fdbb4c0b000 rw-p 00008000 ca:01 1988                       /lib/x86_64-linux-gnu/libnss_compat-2.23.so
7fdbb4c0b000-7fdbb4c38000 r-xp 00000000 ca:01 256919                     /usr/lib/jvm/java-8-openjdk-amd64/jre/lib/amd64/libjava.so
7fdbb4c38000-7fdbb4e37000 ---p 0002d000 ca:01 256919                     /usr/lib/jvm/java-8-openjdk-amd64/jre/lib/amd64/libjava.so
7fdbb4e37000-7fdbb4e38000 r--p 0002c000 ca:01 256919                     /usr/lib/jvm/java-8-openjdk-amd64/jre/lib/amd64/libjava.so
7fdbb4e38000-7fdbb4e3a000 rw-p 0002d000 ca:01 256919                     /usr/lib/jvm/java-8-openjdk-amd64/jre/lib/amd64/libjava.so
7fdbb4e3a000-7fdbb4e49000 r-xp 00000000 ca:01 256907                     /usr/lib/jvm/java-8-openjdk-amd64/jre/lib/amd64/libverify.so
7fdbb4e49000-7fdbb5048000 ---p 0000f000 ca:01 256907                     /usr/lib/jvm/java-8-openjdk-amd64/jre/lib/amd64/libverify.so
7fdbb5048000-7fdbb504a000 r--p 0000e000 ca:01 256907                     /usr/lib/jvm/java-8-openjdk-amd64/jre/lib/amd64/libverify.so
7fdbb504a000-7fdbb504b000 rw-p 00010000 ca:01 256907                     /usr/lib/jvm/java-8-openjdk-amd64/jre/lib/amd64/libverify.so
7fdbb504b000-7fdbb5052000 r-xp 00000000 ca:01 1998                       /lib/x86_64-linux-gnu/librt-2.23.so
7fdbb5052000-7fdbb5251000 ---p 00007000 ca:01 1998                       /lib/x86_64-linux-gnu/librt-2.23.so
7fdbb5251000-7fdbb5252000 r--p 00006000 ca:01 1998                       /lib/x86_64-linux-gnu/librt-2.23.so
7fdbb5252000-7fdbb5253000 rw-p 00007000 ca:01 1998                       /lib/x86_64-linux-gnu/librt-2.23.so
7fdbb5253000-7fdbb5269000 r-xp 00000000 ca:01 1975                       /lib/x86_64-linux-gnu/libgcc_s.so.1
7fdbb5269000-7fdbb5468000 ---p 00016000 ca:01 1975                       /lib/x86_64-linux-gnu/libgcc_s.so.1
7fdbb5468000-7fdbb5469000 rw-p 00015000 ca:01 1975                       /lib/x86_64-linux-gnu/libgcc_s.so.1
7fdbb5469000-7fdbb5571000 r-xp 00000000 ca:01 1976                       /lib/x86_64-linux-gnu/libm-2.23.so
7fdbb5571000-7fdbb5770000 ---p 00108000 ca:01 1976                       /lib/x86_64-linux-gnu/libm-2.23.so
7fdbb5770000-7fdbb5771000 r--p 00107000 ca:01 1976                       /lib/x86_64-linux-gnu/libm-2.23.so
7fdbb5771000-7fdbb5772000 rw-p 00108000 ca:01 1976                       /lib/x86_64-linux-gnu/libm-2.23.so
7fdbb5772000-7fdbb58e4000 r-xp 00000000 ca:01 7979                       /usr/lib/x86_64-linux-gnu/libstdc++.so.6.0.21
7fdbb58e4000-7fdbb5ae4000 ---p 00172000 ca:01 7979                       /usr/lib/x86_64-linux-gnu/libstdc++.so.6.0.21
7fdbb5ae4000-7fdbb5aee000 r--p 00172000 ca:01 7979                       /usr/lib/x86_64-linux-gnu/libstdc++.so.6.0.21
7fdbb5aee000-7fdbb5af0000 rw-p 0017c000 ca:01 7979                       /usr/lib/x86_64-linux-gnu/libstdc++.so.6.0.21
7fdbb5af0000-7fdbb5af4000 rw-p 00000000 00:00 0 
7fdbb5af4000-7fdbb6751000 r-xp 00000000 ca:01 256884                     /usr/lib/jvm/java-8-openjdk-amd64/jre/lib/amd64/server/libjvm.so
7fdbb6751000-7fdbb6951000 ---p 00c5d000 ca:01 256884                     /usr/lib/jvm/java-8-openjdk-amd64/jre/lib/amd64/server/libjvm.so
7fdbb6951000-7fdbb69e5000 r--p 00c5d000 ca:01 256884                     /usr/lib/jvm/java-8-openjdk-amd64/jre/lib/amd64/server/libjvm.so
7fdbb69e5000-7fdbb6a0e000 rw-p 00cf1000 ca:01 256884                     /usr/lib/jvm/java-8-openjdk-amd64/jre/lib/amd64/server/libjvm.so
7fdbb6a0e000-7fdbb6a3e000 rw-p 00000000 00:00 0 
7fdbb6a3e000-7fdbb6a56000 r-xp 00000000 ca:01 1979                       /lib/x86_64-linux-gnu/libpthread-2.23.so
7fdbb6a56000-7fdbb6c55000 ---p 00018000 ca:01 1979                       /lib/x86_64-linux-gnu/libpthread-2.23.so
7fdbb6c55000-7fdbb6c56000 r--p 00017000 ca:01 1979                       /lib/x86_64-linux-gnu/libpthread-2.23.so
7fdbb6c56000-7fdbb6c57000 rw-p 00018000 ca:01 1979                       /lib/x86_64-linux-gnu/libpthread-2.23.so
7fdbb6c57000-7fdbb6c5b000 rw-p 00000000 00:00 0 
7fdbb6c5b000-7fdbb6c5e000 r-xp 00000000 ca:01 1982                       /lib/x86_64-linux-gnu/libdl-2.23.so
7fdbb6c5e000-7fdbb6e5d000 ---p 00003000 ca:01 1982                       /lib/x86_64-linux-gnu/libdl-2.23.so
7fdbb6e5d000-7fdbb6e5e000 r--p 00002000 ca:01 1982                       /lib/x86_64-linux-gnu/libdl-2.23.so
7fdbb6e5e000-7fdbb6e5f000 rw-p 00003000 ca:01 1982                       /lib/x86_64-linux-gnu/libdl-2.23.so
7fdbb6e5f000-7fdbb6e78000 r-xp 00000000 ca:01 2129                       /lib/x86_64-linux-gnu/libz.so.1.2.8
7fdbb6e78000-7fdbb7077000 ---p 00019000 ca:01 2129                       /lib/x86_64-linux-gnu/libz.so.1.2.8
7fdbb7077000-7fdbb7078000 r--p 00018000 ca:01 2129                       /lib/x86_64-linux-gnu/libz.so.1.2.8
7fdbb7078000-7fdbb7079000 rw-p 00019000 ca:01 2129                       /lib/x86_64-linux-gnu/libz.so.1.2.8
7fdbb7079000-7fdbb7239000 r-xp 00000000 ca:01 1980                       /lib/x86_64-linux-gnu/libc-2.23.so
7fdbb7239000-7fdbb7439000 ---p 001c0000 ca:01 1980                       /lib/x86_64-linux-gnu/libc-2.23.so
7fdbb7439000-7fdbb743d000 r--p 001c0000 ca:01 1980                       /lib/x86_64-linux-gnu/libc-2.23.so
7fdbb743d000-7fdbb743f000 rw-p 001c4000 ca:01 1980                       /lib/x86_64-linux-gnu/libc-2.23.so
7fdbb743f000-7fdbb7443000 rw-p 00000000 00:00 0 
7fdbb7443000-7fdbb7450000 r-xp 00000000 ca:01 256904                     /usr/lib/jvm/java-8-openjdk-amd64/jre/lib/amd64/jli/libjli.so
7fdbb7450000-7fdbb7650000 ---p 0000d000 ca:01 256904                     /usr/lib/jvm/java-8-openjdk-amd64/jre/lib/amd64/jli/libjli.so
7fdbb7650000-7fdbb7651000 r--p 0000d000 ca:01 256904                     /usr/lib/jvm/java-8-openjdk-amd64/jre/lib/amd64/jli/libjli.so
7fdbb7651000-7fdbb7652000 rw-p 0000e000 ca:01 256904                     /usr/lib/jvm/java-8-openjdk-amd64/jre/lib/amd64/jli/libjli.so
7fdbb7652000-7fdbb7678000 r-xp 00000000 ca:01 1978                       /lib/x86_64-linux-gnu/ld-2.23.so
7fdbb7678000-7fdbb767a000 r--s 0000f000 ca:01 261715                     /home/ubuntu/spark-2.1.1-bin-hadoop2.7/jars/curator-client-2.6.0.jar
7fdbb767a000-7fdbb767d000 r--s 0000f000 ca:01 256869                     /usr/lib/jvm/java-8-openjdk-amd64/jre/lib/ext/icedtea-sound.jar
7fdbb767d000-7fdbb7680000 r--s 00038000 ca:01 256872                     /usr/lib/jvm/java-8-openjdk-amd64/jre/lib/ext/sunpkcs11.jar
7fdbb7680000-7fdbb7686000 r--s 0003b000 ca:01 256877                     /usr/lib/jvm/java-8-openjdk-amd64/jre/lib/ext/sunjce_provider.jar
7fdbb7686000-7fdbb7690000 r--s 00116000 ca:01 256876                     /usr/lib/jvm/java-8-openjdk-amd64/jre/lib/ext/localedata.jar
7fdbb7690000-7fdbb7761000 rw-p 00000000 00:00 0 
7fdbb7761000-7fdbb7769000 rw-s 00000000 ca:01 1306                       /tmp/hsperfdata_ubuntu/18501
7fdbb7769000-7fdbb776c000 ---p 00000000 00:00 0 
7fdbb776c000-7fdbb786e000 rw-p 00000000 00:00 0 
7fdbb786e000-7fdbb786f000 r--s 00010000 ca:01 256874                     /usr/lib/jvm/java-8-openjdk-amd64/jre/lib/ext/zipfs.jar
7fdbb786f000-7fdbb7870000 r--s 0000a000 ca:01 256879                     /usr/lib/jvm/java-8-openjdk-amd64/jre/lib/ext/jaccess.jar
7fdbb7870000-7fdbb7872000 r--s 00001000 ca:01 256873                     /usr/lib/jvm/java-8-openjdk-amd64/jre/lib/ext/dnsns.jar
7fdbb7872000-7fdbb7874000 r--s 00008000 ca:01 256878                     /usr/lib/jvm/java-8-openjdk-amd64/jre/lib/ext/sunec.jar
7fdbb7874000-7fdbb7875000 rw-p 00000000 00:00 0 
7fdbb7875000-7fdbb7876000 ---p 00000000 00:00 0 
7fdbb7876000-7fdbb7877000 rw-p 00000000 00:00 0 
7fdbb7877000-7fdbb7878000 r--p 00025000 ca:01 1978                       /lib/x86_64-linux-gnu/ld-2.23.so
7fdbb7878000-7fdbb7879000 rw-p 00026000 ca:01 1978                       /lib/x86_64-linux-gnu/ld-2.23.so
7fdbb7879000-7fdbb787a000 rw-p 00000000 00:00 0 
7ffc4d497000-7ffc4d4b8000 rw-p 00000000 00:00 0                          [stack]
7ffc4d52c000-7ffc4d52f000 r--p 00000000 00:00 0                          [vvar]
7ffc4d52f000-7ffc4d531000 r-xp 00000000 00:00 0                          [vdso]
ffffffffff600000-ffffffffff601000 r-xp 00000000 00:00 0                  [vsyscall]

VM Arguments:
jvm_args: -Xmx1g 
java_command: org.apache.spark.deploy.SparkSubmit --conf spark.app.name=bank-full pyspark-shell
java_class_path (initial): /home/ubuntu/spark-2.1.1-bin-hadoop2.7/conf/:/home/ubuntu/spark-2.1.1-bin-hadoop2.7/jars/libthrift-0.9.3.jar:/home/ubuntu/spark-2.1.1-bin-hadoop2.7/jars/curator-client-2.6.0.jar:/home/ubuntu/spark-2.1.1-bin-hadoop2.7/jars/hk2-api-2.4.0-b34.jar:/home/ubuntu/spark-2.1.1-bin-hadoop2.7/jars/metrics-json-3.1.2.jar:/home/ubuntu/spark-2.1.1-bin-hadoop2.7/jars/metrics-graphite-3.1.2.jar:/home/ubuntu/spark-2.1.1-bin-hadoop2.7/jars/spire_2.11-0.7.4.jar:/home/ubuntu/spark-2.1.1-bin-hadoop2.7/jars/commons-pool-1.5.4.jar:/home/ubuntu/spark-2.1.1-bin-hadoop2.7/jars/netty-all-4.0.42.Final.jar:/home/ubuntu/spark-2.1.1-bin-hadoop2.7/jars/commons-dbcp-1.4.jar:/home/ubuntu/spark-2.1.1-bin-hadoop2.7/jars/xbean-asm5-shaded-4.4.jar:/home/ubuntu/spark-2.1.1-bin-hadoop2.7/jars/xercesImpl-2.9.1.jar:/home/ubuntu/spark-2.1.1-bin-hadoop2.7/jars/hadoop-annotations-2.7.3.jar:/home/ubuntu/spark-2.1.1-bin-hadoop2.7/jars/javassist-3.18.1-GA.jar:/home/ubuntu/spark-2.1.1-bin-hadoop2.7/jars/jersey-container-servlet-2.22.2.jar:/home/ubuntu/spark-2.1.1-bin-hadoop2.7/jars/base64-2.3.8.jar:/home/ubuntu/spark-2.1.1-bin-hadoop2.7/jars/scalap-2.11.8.jar:/home/ubuntu/spark-2.1.1-bin-hadoop2.7/jars/super-csv-2.2.0.jar:/home/ubuntu/spark-2.1.1-bin-hadoop2.7/jars/jul-to-slf4j-1.7.16.jar:/home/ubuntu/spark-2.1.1-bin-hadoop2.7/jars/hadoop-mapreduce-client-shuffle-2.7.3.jar:/home/ubuntu/spark-2.1.1-bin-hadoop2.7/jars/libfb303-0.9.3.jar:/home/ubuntu/spark-2.1.1-bin-hadoop2.7/jars/jdo-api-3.0.1.jar:/home/ubuntu/spark-2.1.1-bin-hadoop2.7/jars/jersey-guava-2.22.2.jar:/home/ubuntu/spark-2.1.1-bin-hadoop2.7/jars/arpack_combined_all-0.1.jar:/home/ubuntu/spark-2.1.1-bin-hadoop2.7/jars/scala-parser-combinators_2.11-1.0.4.jar:/home/ubuntu/spark-2.1.1-bin-hadoop2.7/jars/chill_2.11-0.8.0.jar:/home/ubuntu/spark-2.1.1-bin-hadoop2.7/jars/javax.annotation-api-1.2.jar:/home/ubuntu/spark-2.1.1-bin-hadoop2.7/jars/joda-time-2.9.3.jar:/home/ubuntu/spark-2.1.1-bin-hadoop2.7/jars/antlr-runtime-3.4.jar:/home/u
Launcher Type: SUN_STANDARD

Environment Variables:
PATH=/home/ubuntu/.local/bin:/home/ubuntu/bin:/home/ubuntu/.local/bin:/usr/local/sbin:/usr/local/bin:/usr/sbin:/usr/bin:/sbin:/bin:/usr/games:/usr/local/games:/snap/bin
SHELL=/bin/bash

Signal Handlers:
SIGSEGV: [libjvm.so+0xa71a30], sa_mask[0]=11111111011111111101111111111110, sa_flags=SA_RESTART|SA_SIGINFO
SIGBUS: [libjvm.so+0xa71a30], sa_mask[0]=11111111011111111101111111111110, sa_flags=SA_RESTART|SA_SIGINFO
SIGFPE: [libjvm.so+0x8b8f40], sa_mask[0]=11111111011111111101111111111110, sa_flags=SA_RESTART|SA_SIGINFO
SIGPIPE: [libjvm.so+0x8b8f40], sa_mask[0]=11111111011111111101111111111110, sa_flags=SA_RESTART|SA_SIGINFO
SIGXFSZ: [libjvm.so+0x8b8f40], sa_mask[0]=11111111011111111101111111111110, sa_flags=SA_RESTART|SA_SIGINFO
SIGILL: [libjvm.so+0x8b8f40], sa_mask[0]=11111111011111111101111111111110, sa_flags=SA_RESTART|SA_SIGINFO
SIGUSR1: SIG_DFL, sa_mask[0]=00000000000000000000000000000000, sa_flags=none
SIGUSR2: [libjvm.so+0x8b8df0], sa_mask[0]=00000000000000000000000000000000, sa_flags=SA_RESTART|SA_SIGINFO
SIGHUP: [libjvm.so+0x8b92c0], sa_mask[0]=11111111011111111101111111111110, sa_flags=SA_RESTART|SA_SIGINFO
SIGINT: SIG_IGN, sa_mask[0]=00000000000000000000000000000000, sa_flags=none
SIGTERM: [libjvm.so+0x8b92c0], sa_mask[0]=11111111011111111101111111111110, sa_flags=SA_RESTART|SA_SIGINFO
SIGQUIT: [libjvm.so+0x8b92c0], sa_mask[0]=11111111011111111101111111111110, sa_flags=SA_RESTART|SA_SIGINFO


---------------  S Y S T E M  ---------------

OS:DISTRIB_ID=Ubuntu
DISTRIB_RELEASE=16.04
DISTRIB_CODENAME=xenial
DISTRIB_DESCRIPTION="Ubuntu 16.04.4 LTS"

uname:Linux 4.4.0-1069-aws #79-Ubuntu SMP Mon Sep 24 15:01:41 UTC 2018 x86_64
libc:glibc 2.23 NPTL 2.23 
rlimit: STACK 8192k, CORE 0k, NPROC 3900, NOFILE 1048576, AS infinity
load average:6.27 2.97 1.76

/proc/meminfo:
MemTotal:        1014500 kB
MemFree:           60552 kB
MemAvailable:          0 kB
Buffers:              76 kB
Cached:            14568 kB
SwapCached:            0 kB
Active:           887800 kB
Inactive:          11268 kB
Active(anon):     887252 kB
Inactive(anon):    10340 kB
Active(file):        548 kB
Inactive(file):      928 kB
Unevictable:        3652 kB
Mlocked:            3652 kB
SwapTotal:             0 kB
SwapFree:              0 kB
Dirty:                56 kB
Writeback:             0 kB
AnonPages:        888132 kB
Mapped:             3248 kB
Shmem:             10688 kB
Slab:              29828 kB
SReclaimable:      13880 kB
SUnreclaim:        15948 kB
KernelStack:        3424 kB
PageTables:         5696 kB
NFS_Unstable:          0 kB
Bounce:                0 kB
WritebackTmp:          0 kB
CommitLimit:      507248 kB
Committed_AS:    1251020 kB
VmallocTotal:   34359738367 kB
VmallocUsed:           0 kB
VmallocChunk:          0 kB
HardwareCorrupted:     0 kB
AnonHugePages:    333824 kB
CmaTotal:              0 kB
CmaFree:               0 kB
HugePages_Total:       0
HugePages_Free:        0
HugePages_Rsvd:        0
HugePages_Surp:        0
Hugepagesize:       2048 kB
DirectMap4k:       47104 kB
DirectMap2M:     1001472 kB


CPU:total 1 (initial active 1) (1 cores per cpu, 1 threads per core) family 6 model 63 stepping 2, cmov, cx8, fxsr, mmx, sse, sse2, sse3, ssse3, sse4.1, sse4.2, popcnt, avx, avx2, aes, clmul, erms, lzcnt, tsc, bmi1, bmi2

/proc/cpuinfo:
processor	: 0
vendor_id	: GenuineIntel
cpu family	: 6
model		: 63
model name	: Intel(R) Xeon(R) CPU E5-2676 v3 @ 2.40GHz
stepping	: 2
microcode	: 0x3c
cpu MHz		: 2400.058
cache size	: 30720 KB
physical id	: 0
siblings	: 1
core id		: 0
cpu cores	: 1
apicid		: 0
initial apicid	: 0
fpu		: yes
fpu_exception	: yes
cpuid level	: 13
wp		: yes
flags		: fpu vme de pse tsc msr pae mce cx8 apic sep mtrr pge mca cmov pat pse36 clflush mmx fxsr sse sse2 ht syscall nx rdtscp lm constant_tsc rep_good nopl xtopology pni pclmulqdq ssse3 fma cx16 pcid sse4_1 sse4_2 x2apic movbe popcnt tsc_deadline_timer aes xsave avx f16c rdrand hypervisor lahf_lm abm invpcid_single kaiser fsgsbase bmi1 avx2 smep bmi2 erms invpcid xsaveopt
bugs		: cpu_meltdown spectre_v1 spectre_v2 spec_store_bypass l1tf
bogomips	: 4800.11
clflush size	: 64
cache_alignment	: 64
address sizes	: 46 bits physical, 48 bits virtual
power management:



Memory: 4k page, physical 1014500k(60188k free), swap 0k(0k free)

vm_info: OpenJDK 64-Bit Server VM (25.181-b13) for linux-amd64 JRE (1.8.0_181-8u181-b13-0ubuntu0.16.04.1-b13), built on Jul 30 2018 21:06:27 by "buildd" with gcc 5.4.0 20160609

time: Mon Oct 15 09:05:06 2018
elapsed time: 1040 seconds (0d 0h 17m 20s)

